#
# A fatal error has been detected by the Java Runtime Environment:
#
#  SIGBUS (0xa) at pc=0x000000010e5994f0, pid=12791, tid=30991
#
# JRE version: OpenJDK Runtime Environment (17.0.1+12) (build 17.0.1+12-39)
# Java VM: OpenJDK 64-Bit Server VM (17.0.1+12-39, mixed mode, sharing, tiered, compressed oops, compressed class ptrs, g1 gc, bsd-aarch64)
# Problematic frame:
# v  ~StubRoutines::SafeFetchN
#
# No core dump will be written. Core dumps have been disabled. To enable core dumping, try "ulimit -c unlimited" before starting Java again
#
# If you would like to submit a bug report, please visit:
#   https://bugreport.java.com/bugreport/crash.jsp
# The crash happened outside the Java Virtual Machine in native code.
# See problematic frame for where to report the bug.
#

---------------  S U M M A R Y ------------

Command Line: -javaagent:/Applications/IntelliJ IDEA.app/Contents/lib/idea_rt.jar=52535:/Applications/IntelliJ IDEA.app/Contents/bin -Dfile.encoding=UTF-8 --module-path=/Users/karlinbarnes/IdeaProjects/demo2/target/classes:/Users/karlinbarnes/.m2/repository/org/openjfx/javafx-fxml/17.0.0.1/javafx-fxml-17.0.0.1-mac-aarch64.jar:/Users/karlinbarnes/.m2/repository/org/openjfx/javafx-graphics/17.0.0.1/javafx-graphics-17.0.0.1-mac-aarch64.jar:/Users/karlinbarnes/.m2/repository/org/openjfx/javafx-controls/17.0.0.1/javafx-controls-17.0.0.1-mac-aarch64.jar:/Users/karlinbarnes/.m2/repository/org/openjfx/javafx-base/17.0.0.1/javafx-base-17.0.0.1-mac-aarch64.jar -Djdk.module.main=com.example.demo2 com.example.demo2/com.example.demo2.Cards

Host: "MacBookPro17,1" arm64 1 MHz, 8 cores, 16G, Darwin 21.3.0, macOS 12.2 (21D49)
Time: Thu Feb  8 12:44:53 2024 CST elapsed time: 1.916006 seconds (0d 0h 0m 1s)

---------------  T H R E A D  ---------------

Current thread (0x000000012e12de00):  JavaThread "InvokeLaterDispatcher" daemon [_thread_in_native, id=30991, stack(0x000000016dce0000,0x000000016dee3000)]

Stack: [0x000000016dce0000,0x000000016dee3000],  sp=0x000000016dee2780,  free space=2057k
Native frames: (J=compiled Java code, j=interpreted, Vv=VM code, C=native code)
v  ~StubRoutines::SafeFetchN
V  [libjvm.dylib+0x7a068c]  _ZN10OopStorage7releaseEPKP7oopDesc+0x20
V  [libjvm.dylib+0x4b98c4]  jni_DeleteGlobalRef+0xd8
C  [libglass.dylib+0xab08]  -[GlassRunnable dealloc]+0x34
C  [Foundation+0x84c7c]  -[_NSThreadPerformInfo dealloc]+0x30
C  [Foundation+0x51578]  -[NSObject(NSThreadPerformAdditions) performSelectorOnMainThread:withObject:waitUntilDone:]+0x88
C  0x5d0480010e5a18ac
j  com.sun.glass.ui.mac.MacApplication.submitForLaterInvocation(Ljava/lang/Runnable;)V+2 javafx.graphics
j  com.sun.glass.ui.InvokeLaterDispatcher.run()V+82 javafx.graphics
v  ~StubRoutines::call_stub
V  [libjvm.dylib+0x460da8]  _ZN9JavaCalls11call_helperEP9JavaValueRK12methodHandleP17JavaCallArgumentsP10JavaThread+0x38c
V  [libjvm.dylib+0x45fdc4]  _ZN9JavaCalls12call_virtualEP9JavaValueP5KlassP6SymbolS5_P17JavaCallArgumentsP10JavaThread+0x11c
V  [libjvm.dylib+0x45fe90]  _ZN9JavaCalls12call_virtualEP9JavaValue6HandleP5KlassP6SymbolS6_P10JavaThread+0x64
V  [libjvm.dylib+0x514fa4]  _ZL12thread_entryP10JavaThreadS0_+0xc4
V  [libjvm.dylib+0x8ff094]  _ZN10JavaThread17thread_main_innerEv+0x13c
V  [libjvm.dylib+0x8fd7a8]  _ZN6Thread8call_runEv+0x128
V  [libjvm.dylib+0x7a7274]  _ZL19thread_native_entryP6Thread+0x158
C  [libsystem_pthread.dylib+0x7240]  _pthread_start+0x94

Java frames: (J=compiled Java code, j=interpreted, Vv=VM code)
j  com.sun.glass.ui.mac.MacApplication._submitForLaterInvocation(Ljava/lang/Runnable;)V+0 javafx.graphics
j  com.sun.glass.ui.mac.MacApplication.submitForLaterInvocation(Ljava/lang/Runnable;)V+2 javafx.graphics
j  com.sun.glass.ui.InvokeLaterDispatcher.run()V+82 javafx.graphics
v  ~StubRoutines::call_stub

siginfo: si_signo: 10 (SIGBUS), si_code: 1 (BUS_ADRALN), si_addr: 0x000000010e5994f0

Register to memory mapping:

 x0=0x000000014df05008 is a global jni handle
 x1=0x0 is NULL
 x2=0x000000070f13b0c0 is an oop: com.sun.glass.ui.InvokeLaterDispatcher$Future 
{0x000000070f13b0c0} - klass: 'com/sun/glass/ui/InvokeLaterDispatcher$Future'
 - ---- fields (total size 3 words):
 - private 'done' 'Z' @12  true
 - private final 'runnable' 'Ljava/lang/Runnable;' @16  a 'com/sun/javafx/application/PlatformImpl$$Lambda$92+0x0000000800c81598'{0x000000070eae1330} (e1d5c266)
 - final synthetic 'this$0' 'Lcom/sun/glass/ui/InvokeLaterDispatcher;' @20  a 'com/sun/glass/ui/InvokeLaterDispatcher'{0x000000070e80ac18} (e1d01583)
 x3=0x0 is NULL
 x4=0x00000000000130a8 is an unknown value
 x5=0x0 is NULL
 x6=0x0 is NULL
 x7=0x0 is NULL
 x8=0x000000010e5994ec is at begin+0 in a stub
StubRoutines::SafeFetchN [0x000000010e5994ec, 0x000000010e5994f8] (12 bytes)
 x9=0x0 is NULL
x10=0x2010000030300000 is an unknown value
x11=0x0000000000000007 is an unknown value
x12=0x0000000000000007 is an unknown value
x13=0x0000600002b629e0 points into unknown readable memory: 0x3323000199c7d738 | 38 d7 c7 99 01 00 23 33
x14=0x0000000000000001 is an unknown value
x15=0x0000000105c55f98: OBJC_CLASS_$_GlassRunnable+0 in /Users/karlinbarnes/.openjfx/cache/17.0.0.1/libglass.dylib at 0x0000000105c10000
x16=0x0000000198cec094: pthread_getspecific+0 in /usr/lib/system/libsystem_pthread.dylib at 0x0000000198cea000
x17=0x0000600002175b00 points into unknown readable memory: 0xfffffffffffffffe | fe ff ff ff ff ff ff ff
x18=0x0 is NULL
x19=0x0000600002e7d650 points into unknown readable memory: 0x00006000007783f0 | f0 83 77 00 00 60 00 00
x20=0x000000014df04e00 points into unknown readable memory: 0x00000001f2a9b6e8 | e8 b6 a9 f2 01 00 00 00
x21=0x000000014df05008 is a global jni handle
x22=0x000000012e12de00 is a thread
x23=0x0000000000000001 is an unknown value
x24=0x000000014df04fc0 is a global jni handle
x25=0x0000000106ab55d8: _ZN12StubRoutines17_safefetchN_entryE+0 in /Users/karlinbarnes/Library/Java/JavaVirtualMachines/openjdk-17.0.1/Contents/Home/lib/server/libjvm.dylib at 0x0000000105f0c000
x26=0x0000000128d19090 is pointing into metadata
x27=0x0 is NULL
x28=0x000000012e12de00 is a thread


Registers:
 x0=0x000000014df05008  x1=0x0000000000000000  x2=0x000000070f13b0c0  x3=0x0000000000000000
 x4=0x00000000000130a8  x5=0x0000000000000000  x6=0x0000000000000000  x7=0x0000000000000000
 x8=0x000000010e5994ec  x9=0x0000000000000000 x10=0x2010000030300000 x11=0x0000000000000007
x12=0x0000000000000007 x13=0x0000600002b629e0 x14=0x0000000000000001 x15=0x0000000105c55f98
x16=0x0000000198cec094 x17=0x0000600002175b00 x18=0x0000000000000000 x19=0x0000600002e7d650
x20=0x000000014df04e00 x21=0x000000014df05008 x22=0x000000012e12de00 x23=0x0000000000000001
x24=0x000000014df04fc0 x25=0x0000000106ab55d8 x26=0x0000000128d19090 x27=0x0000000000000000
x28=0x000000012e12de00  fp=0x000000016dee27c0  lr=0x00000001066ab45c  sp=0x000000016dee2780
pc=0x000000010e5994f0 cpsr=0x0000000060001000
Top of Stack: (sp=0x000000016dee2780)
0x000000016dee2780:   0000000128d19090 0000000000000001
0x000000016dee2790:   000000016dee2988 0000000000000000
0x000000016dee27a0:   000000012e13bca8 000000014df04ff0
0x000000016dee27b0:   000000014df04ff0 0000600002e7d650
0x000000016dee27c0:   000000016dee2800 00000001066ac68c
0x000000016dee27d0:   0000000000000001 000000014df04ff0
0x000000016dee27e0:   000000012e13bca8 000000014df04ff0
0x000000016dee27f0:   0000000000000001 000000012e13ba00
0x000000016dee2800:   000000016dee2840 00000001063c58c4
0x000000016dee2810:   000000016dee2988 000060000075c5e0
0x000000016dee2820:   000060000075c580 00000001e32669e3
0x000000016dee2830:   0000000000000000 000060000075c580
0x000000016dee2840:   000000016dee2870 0000000105c1ab08
0x000000016dee2850:   cfe8fb90cd1e00d6 0000000000000000
0x000000016dee2860:   0000000000000000 0000600001055000
0x000000016dee2870:   000000016dee28b0 0000000199cb0c7c
0x000000016dee2880:   000000016dee2988 000060000075c5e0
0x000000016dee2890:   000060000075c580 cfe8fb90cd1e00d6
0x000000016dee28a0:   0000000000000000 0000000000000000
0x000000016dee28b0:   000000016dee28f0 2920000199c7d578
0x000000016dee28c0:   000000016dee2988 000000010e5a07c0
0x000000016dee28d0:   0000000000000000 0000000106abcf90
0x000000016dee28e0:   000000016dee2900 000000010e59f730
0x000000016dee28f0:   000000016dee2960 5d0480010e5a18ac
0x000000016dee2900:   000000016dee2900 0000000800988975
0x000000016dee2910:   000000016dee2910 0000000000000000
0x000000016dee2920:   000000016dee2988 0000000128d19090
0x000000016dee2930:   000000070e8368b0 0000000000000000
0x000000016dee2940:   0000000000000000 0000000128cf2590
0x000000016dee2950:   0000000000000000 000000016dee2960
0x000000016dee2960:   000000016dee29e0 000000010e59dfc8
0x000000016dee2970:   0000000000000000 0000000000000000 

Instructions: (pc=0x000000010e5994f0)
0x000000010e5993f0:   f2a0d509 f2c00029 6d425935 1e640886
0x000000010e599400:   0c402d31 1e6408c7 1f5654d0 1e6c1017
0x000000010e599410:   1f5050d0 1f504cd0 1f5048d0 1e650af6
0x000000010e599420:   1f50d8f6 1f5694d6 1f5158f6 1e762880
0x000000010e599430:   36000501 1e614000 14000026 2e251ca5
0x000000010e599440:   d2843009 f2a0d509 f2c00029 6d425d36
0x000000010e599450:   1e600806 0c402d32 1f5758c7 1e6c101a
0x000000010e599460:   1f4754c7 1e650805 1f4750c7 d2866668
0x000000010e599470:   f2a7fa68 1f474cc7 1e6608c0 1f4748c7
0x000000010e599480:   1e6e1019 eb08007f 540000ac 1f479400
0x000000010e599490:   1f460340 1e603b20 1400000e d2a7fd29
0x000000010e5994a0:   eb09007f 540000ac 51480069 d3607d29
0x000000010e5994b0:   9e670121 14000002 1e6a5001 1f679417
0x000000010e5994c0:   1f668742 1e613b23 1e773857 1e773860
0x000000010e5994d0:   a8c17ff3 910003bf a8c17bfd d65f03c0
0x000000010e5994e0:   b9400001 aa0103e0 d65f03c0 f9400001
0x000000010e5994f0:   aa0103e0 d65f03c0 00000000 00000000
0x000000010e599500:   00000000 00000000 00000000 00000000
0x000000010e599510:   00000000 00000000 00000000 00000000
0x000000010e599520:   00000000 00000000 00000000 00000000
0x000000010e599530:   00000000 00000000 00000000 00000000
0x000000010e599540:   00000000 00000000 00000000 00000000
0x000000010e599550:   00000000 00000000 00000000 00000000
0x000000010e599560:   00000000 00000000 00000000 00000000
0x000000010e599570:   00000000 00000000 00000000 00000000
0x000000010e599580:   00000000 00000000 00000000 00000000
0x000000010e599590:   00000000 00000000 00000000 00000000
0x000000010e5995a0:   00000000 00000000 00000000 00000000
0x000000010e5995b0:   00000000 00000000 00000000 00000000
0x000000010e5995c0:   00000000 00000000 00000000 00000000
0x000000010e5995d0:   00000000 00000000 00000000 00000000
0x000000010e5995e0:   00000000 00000000 00000000 00000000 


Stack slot to memory mapping:
stack at sp + 0 slots: 0x0000000128d19090 is pointing into metadata
stack at sp + 1 slots: 0x0000000000000001 is an unknown value
stack at sp + 2 slots: 0x000000016dee2988 is pointing into the stack for thread: 0x000000012e12de00
stack at sp + 3 slots: 0x0 is NULL
stack at sp + 4 slots: 0x000000012e13bca8 points into unknown readable memory: 0x0000000106a72728 | 28 27 a7 06 01 00 00 00
stack at sp + 5 slots: 0x000000014df04ff0 is a global jni handle
stack at sp + 6 slots: 0x000000014df04ff0 is a global jni handle
stack at sp + 7 slots: 0x0000600002e7d650 points into unknown readable memory: 0x00006000007783f0 | f0 83 77 00 00 60 00 00

StubRoutines::SafeFetchN [0x000000010e5994ec, 0x000000010e5994f8] (12 bytes)
[MachCode]
  0x000000010e5994ec: 0100 40f9 | e003 01aa | c003 5fd6 
[/MachCode]

---------------  P R O C E S S  ---------------

Threads class SMR info:
_java_thread_list=0x0000600000554ce0, length=20, elements={
0x000000014f808a00, 0x000000014e02b000, 0x000000014e02d800, 0x000000012e011400,
0x000000014e030a00, 0x000000014e02b600, 0x000000014e02bc00, 0x000000014f8e4400,
0x000000014f8e4a00, 0x000000012e011a00, 0x000000014e02d200, 0x000000014e024200,
0x000000014f00f600, 0x000000012e12de00, 0x000000012e13ba00, 0x000000014e1c2400,
0x000000014faaf000, 0x000000012e1af400, 0x000000013ba12000, 0x0000000138019e00
}

Java Threads: ( => current thread )
  0x000000014f808a00 JavaThread "main" [_thread_blocked, id=5891, stack(0x000000016b2d8000,0x000000016b4db000)]
  0x000000014e02b000 JavaThread "Reference Handler" daemon [_thread_blocked, id=13827, stack(0x000000016c12c000,0x000000016c32f000)]
  0x000000014e02d800 JavaThread "Finalizer" daemon [_thread_blocked, id=14851, stack(0x000000016c338000,0x000000016c53b000)]
  0x000000012e011400 JavaThread "Signal Dispatcher" daemon [_thread_blocked, id=42755, stack(0x000000016c65c000,0x000000016c85f000)]
  0x000000014e030a00 JavaThread "Service Thread" daemon [_thread_blocked, id=23299, stack(0x000000016c868000,0x000000016ca6b000)]
  0x000000014e02b600 JavaThread "Monitor Deflation Thread" daemon [_thread_blocked, id=23811, stack(0x000000016ca74000,0x000000016cc77000)]
  0x000000014e02bc00 JavaThread "C2 CompilerThread0" daemon [_thread_blocked, id=42243, stack(0x000000016cc80000,0x000000016ce83000)]
  0x000000014f8e4400 JavaThread "C1 CompilerThread0" daemon [_thread_blocked, id=41987, stack(0x000000016ce8c000,0x000000016d08f000)]
  0x000000014f8e4a00 JavaThread "Sweeper thread" daemon [_thread_blocked, id=41731, stack(0x000000016d098000,0x000000016d29b000)]
  0x000000012e011a00 JavaThread "Common-Cleaner" daemon [_thread_blocked, id=41475, stack(0x000000016d2a4000,0x000000016d4a7000)]
  0x000000014e02d200 JavaThread "Monitor Ctrl-Break" daemon [_thread_in_native, id=25347, stack(0x000000016d4b0000,0x000000016d6b3000)]
  0x000000014e024200 JavaThread "Notification Thread" daemon [_thread_blocked, id=40963, stack(0x000000016d6bc000,0x000000016d8bf000)]
  0x000000014f00f600 JavaThread "QuantumRenderer-0" daemon [_thread_blocked, id=39939, stack(0x000000016dad4000,0x000000016dcd7000)]
=>0x000000012e12de00 JavaThread "InvokeLaterDispatcher" daemon [_thread_in_native, id=30991, stack(0x000000016dce0000,0x000000016dee3000)]
  0x000000012e13ba00 JavaThread "JavaFX Application Thread" [_thread_in_native, id=259, stack(0x000000016aa50000,0x000000016b24c000)]
  0x000000014e1c2400 JavaThread "JavaFX-Launcher" [_thread_blocked, id=55043, stack(0x000000016e184000,0x000000016e387000)]
  0x000000014faaf000 JavaThread "Prism Font Disposer" daemon [_thread_blocked, id=56855, stack(0x000000016edcc000,0x000000016efcf000)]
  0x000000012e1af400 JavaThread "Cleaner-0" daemon [_thread_blocked, id=57095, stack(0x000000016efd8000,0x000000016f1db000)]
  0x000000013ba12000 JavaThread "Attach Listener" daemon [_thread_blocked, id=77583, stack(0x000000016f1e4000,0x000000016f3e7000)]
  0x0000000138019e00 JavaThread "PulseTimer-CVDisplayLink thread" daemon [_thread_in_native, id=173851, stack(0x000000016df78000,0x000000016dffb000)]

Other Threads:
  0x000000014de09730 VMThread "VM Thread" [stack: 0x000000016bf20000,0x000000016c123000] [id=15875]
  0x000000014de0f7c0 WatcherThread [stack: 0x000000016d8c8000,0x000000016dacb000] [id=40451]
  0x000000014e906930 GCTaskThread "GC Thread#0" [stack: 0x000000016b4e4000,0x000000016b6e7000] [id=12291]
  0x000000014e829390 GCTaskThread "GC Thread#1" [stack: 0x000000016e390000,0x000000016e593000] [id=71175]
  0x000000014e829810 GCTaskThread "GC Thread#2" [stack: 0x000000016e59c000,0x000000016e79f000] [id=70403]
  0x000000014e829c90 GCTaskThread "GC Thread#3" [stack: 0x000000016e7a8000,0x000000016e9ab000] [id=70147]
  0x000000014e82a500 GCTaskThread "GC Thread#4" [stack: 0x000000016e9b4000,0x000000016ebb7000] [id=69635]
  0x000000014e82ad70 GCTaskThread "GC Thread#5" [stack: 0x000000016ebc0000,0x000000016edc3000] [id=55811]
  0x000000014e906fe0 ConcurrentGCThread "G1 Main Marker" [stack: 0x000000016b6f0000,0x000000016b8f3000] [id=19459]
  0x000000014e907860 ConcurrentGCThread "G1 Conc#0" [stack: 0x000000016b8fc000,0x000000016baff000] [id=18691]
  0x000000014e9096d0 ConcurrentGCThread "G1 Refine#0" [stack: 0x000000016bb08000,0x000000016bd0b000] [id=17923]
  0x000000014de05cb0 ConcurrentGCThread "G1 Service" [stack: 0x000000016bd14000,0x000000016bf17000] [id=17667]

Threads with active compile tasks:

VM state: not at safepoint (normal execution)

VM Mutex/Monitor currently owned by a thread: None

Heap address: 0x0000000700000000, size: 4096 MB, Compressed Oops mode: Zero based, Oop shift amount: 3

CDS archive(s) mapped at: [0x0000000800000000-0x0000000800bd4000-0x0000000800bd4000), size 12402688, SharedBaseAddress: 0x0000000800000000, ArchiveRelocationMode: 0.
Compressed class space mapped at: 0x0000000800c00000-0x0000000840c00000, reserved size: 1073741824
Narrow klass base: 0x0000000800000000, Narrow klass shift: 0, Narrow klass range: 0x100000000

GC Precious Log:
 CPUs: 8 total, 8 available
 Memory: 16384M
 Large Page Support: Disabled
 NUMA Support: Disabled
 Compressed Oops: Enabled (Zero based)
 Heap Region Size: 2M
 Heap Min Capacity: 8M
 Heap Initial Capacity: 256M
 Heap Max Capacity: 4G
 Pre-touch: Disabled
 Parallel Workers: 8
 Concurrent Workers: 2
 Concurrent Refinement Workers: 8
 Periodic GC: Disabled

Heap:
 garbage-first heap   total 266240K, used 27807K [0x0000000700000000, 0x0000000800000000)
  region size 2048K, 13 young (26624K), 2 survivors (4096K)
 Metaspace       used 11202K, committed 11456K, reserved 1064960K
  class space    used 1539K, committed 1664K, reserved 1048576K

Heap Regions: E=young(eden), S=young(survivor), O=old, HS=humongous(starts), HC=humongous(continues), CS=collection set, F=free, OA=open archive, CA=closed archive, TAMS=top-at-mark-start (previous, next)
|   0|0x0000000700000000, 0x0000000700200000, 0x0000000700200000|100%|HS|  |TAMS 0x0000000700000000, 0x0000000700000000| Complete 
|   1|0x0000000700200000, 0x0000000700200000, 0x0000000700400000|  0%| F|  |TAMS 0x0000000700200000, 0x0000000700200000| Untracked 
|   2|0x0000000700400000, 0x0000000700400000, 0x0000000700600000|  0%| F|  |TAMS 0x0000000700400000, 0x0000000700400000| Untracked 
|   3|0x0000000700600000, 0x0000000700600000, 0x0000000700800000|  0%| F|  |TAMS 0x0000000700600000, 0x0000000700600000| Untracked 
|   4|0x0000000700800000, 0x0000000700800000, 0x0000000700a00000|  0%| F|  |TAMS 0x0000000700800000, 0x0000000700800000| Untracked 
|   5|0x0000000700a00000, 0x0000000700a00000, 0x0000000700c00000|  0%| F|  |TAMS 0x0000000700a00000, 0x0000000700a00000| Untracked 
|   6|0x0000000700c00000, 0x0000000700c00000, 0x0000000700e00000|  0%| F|  |TAMS 0x0000000700c00000, 0x0000000700c00000| Untracked 
|   7|0x0000000700e00000, 0x0000000700e00000, 0x0000000701000000|  0%| F|  |TAMS 0x0000000700e00000, 0x0000000700e00000| Untracked 
|   8|0x0000000701000000, 0x0000000701000000, 0x0000000701200000|  0%| F|  |TAMS 0x0000000701000000, 0x0000000701000000| Untracked 
|   9|0x0000000701200000, 0x0000000701200000, 0x0000000701400000|  0%| F|  |TAMS 0x0000000701200000, 0x0000000701200000| Untracked 
|  10|0x0000000701400000, 0x0000000701400000, 0x0000000701600000|  0%| F|  |TAMS 0x0000000701400000, 0x0000000701400000| Untracked 
|  11|0x0000000701600000, 0x0000000701600000, 0x0000000701800000|  0%| F|  |TAMS 0x0000000701600000, 0x0000000701600000| Untracked 
|  12|0x0000000701800000, 0x0000000701800000, 0x0000000701a00000|  0%| F|  |TAMS 0x0000000701800000, 0x0000000701800000| Untracked 
|  13|0x0000000701a00000, 0x0000000701a00000, 0x0000000701c00000|  0%| F|  |TAMS 0x0000000701a00000, 0x0000000701a00000| Untracked 
|  14|0x0000000701c00000, 0x0000000701c00000, 0x0000000701e00000|  0%| F|  |TAMS 0x0000000701c00000, 0x0000000701c00000| Untracked 
|  15|0x0000000701e00000, 0x0000000701e00000, 0x0000000702000000|  0%| F|  |TAMS 0x0000000701e00000, 0x0000000701e00000| Untracked 
|  16|0x0000000702000000, 0x0000000702000000, 0x0000000702200000|  0%| F|  |TAMS 0x0000000702000000, 0x0000000702000000| Untracked 
|  17|0x0000000702200000, 0x0000000702200000, 0x0000000702400000|  0%| F|  |TAMS 0x0000000702200000, 0x0000000702200000| Untracked 
|  18|0x0000000702400000, 0x0000000702400000, 0x0000000702600000|  0%| F|  |TAMS 0x0000000702400000, 0x0000000702400000| Untracked 
|  19|0x0000000702600000, 0x0000000702600000, 0x0000000702800000|  0%| F|  |TAMS 0x0000000702600000, 0x0000000702600000| Untracked 
|  20|0x0000000702800000, 0x0000000702800000, 0x0000000702a00000|  0%| F|  |TAMS 0x0000000702800000, 0x0000000702800000| Untracked 
|  21|0x0000000702a00000, 0x0000000702a00000, 0x0000000702c00000|  0%| F|  |TAMS 0x0000000702a00000, 0x0000000702a00000| Untracked 
|  22|0x0000000702c00000, 0x0000000702c00000, 0x0000000702e00000|  0%| F|  |TAMS 0x0000000702c00000, 0x0000000702c00000| Untracked 
|  23|0x0000000702e00000, 0x0000000702e00000, 0x0000000703000000|  0%| F|  |TAMS 0x0000000702e00000, 0x0000000702e00000| Untracked 
|  24|0x0000000703000000, 0x0000000703000000, 0x0000000703200000|  0%| F|  |TAMS 0x0000000703000000, 0x0000000703000000| Untracked 
|  25|0x0000000703200000, 0x0000000703200000, 0x0000000703400000|  0%| F|  |TAMS 0x0000000703200000, 0x0000000703200000| Untracked 
|  26|0x0000000703400000, 0x0000000703400000, 0x0000000703600000|  0%| F|  |TAMS 0x0000000703400000, 0x0000000703400000| Untracked 
|  27|0x0000000703600000, 0x0000000703600000, 0x0000000703800000|  0%| F|  |TAMS 0x0000000703600000, 0x0000000703600000| Untracked 
|  28|0x0000000703800000, 0x0000000703800000, 0x0000000703a00000|  0%| F|  |TAMS 0x0000000703800000, 0x0000000703800000| Untracked 
|  29|0x0000000703a00000, 0x0000000703a00000, 0x0000000703c00000|  0%| F|  |TAMS 0x0000000703a00000, 0x0000000703a00000| Untracked 
|  30|0x0000000703c00000, 0x0000000703c00000, 0x0000000703e00000|  0%| F|  |TAMS 0x0000000703c00000, 0x0000000703c00000| Untracked 
|  31|0x0000000703e00000, 0x0000000703e00000, 0x0000000704000000|  0%| F|  |TAMS 0x0000000703e00000, 0x0000000703e00000| Untracked 
|  32|0x0000000704000000, 0x0000000704000000, 0x0000000704200000|  0%| F|  |TAMS 0x0000000704000000, 0x0000000704000000| Untracked 
|  33|0x0000000704200000, 0x0000000704200000, 0x0000000704400000|  0%| F|  |TAMS 0x0000000704200000, 0x0000000704200000| Untracked 
|  34|0x0000000704400000, 0x0000000704400000, 0x0000000704600000|  0%| F|  |TAMS 0x0000000704400000, 0x0000000704400000| Untracked 
|  35|0x0000000704600000, 0x0000000704600000, 0x0000000704800000|  0%| F|  |TAMS 0x0000000704600000, 0x0000000704600000| Untracked 
|  36|0x0000000704800000, 0x0000000704800000, 0x0000000704a00000|  0%| F|  |TAMS 0x0000000704800000, 0x0000000704800000| Untracked 
|  37|0x0000000704a00000, 0x0000000704a00000, 0x0000000704c00000|  0%| F|  |TAMS 0x0000000704a00000, 0x0000000704a00000| Untracked 
|  38|0x0000000704c00000, 0x0000000704c00000, 0x0000000704e00000|  0%| F|  |TAMS 0x0000000704c00000, 0x0000000704c00000| Untracked 
|  39|0x0000000704e00000, 0x0000000704e00000, 0x0000000705000000|  0%| F|  |TAMS 0x0000000704e00000, 0x0000000704e00000| Untracked 
|  40|0x0000000705000000, 0x0000000705000000, 0x0000000705200000|  0%| F|  |TAMS 0x0000000705000000, 0x0000000705000000| Untracked 
|  41|0x0000000705200000, 0x0000000705200000, 0x0000000705400000|  0%| F|  |TAMS 0x0000000705200000, 0x0000000705200000| Untracked 
|  42|0x0000000705400000, 0x0000000705400000, 0x0000000705600000|  0%| F|  |TAMS 0x0000000705400000, 0x0000000705400000| Untracked 
|  43|0x0000000705600000, 0x0000000705600000, 0x0000000705800000|  0%| F|  |TAMS 0x0000000705600000, 0x0000000705600000| Untracked 
|  44|0x0000000705800000, 0x0000000705800000, 0x0000000705a00000|  0%| F|  |TAMS 0x0000000705800000, 0x0000000705800000| Untracked 
|  45|0x0000000705a00000, 0x0000000705a00000, 0x0000000705c00000|  0%| F|  |TAMS 0x0000000705a00000, 0x0000000705a00000| Untracked 
|  46|0x0000000705c00000, 0x0000000705c00000, 0x0000000705e00000|  0%| F|  |TAMS 0x0000000705c00000, 0x0000000705c00000| Untracked 
|  47|0x0000000705e00000, 0x0000000705e00000, 0x0000000706000000|  0%| F|  |TAMS 0x0000000705e00000, 0x0000000705e00000| Untracked 
|  48|0x0000000706000000, 0x0000000706000000, 0x0000000706200000|  0%| F|  |TAMS 0x0000000706000000, 0x0000000706000000| Untracked 
|  49|0x0000000706200000, 0x0000000706200000, 0x0000000706400000|  0%| F|  |TAMS 0x0000000706200000, 0x0000000706200000| Untracked 
|  50|0x0000000706400000, 0x0000000706400000, 0x0000000706600000|  0%| F|  |TAMS 0x0000000706400000, 0x0000000706400000| Untracked 
|  51|0x0000000706600000, 0x0000000706600000, 0x0000000706800000|  0%| F|  |TAMS 0x0000000706600000, 0x0000000706600000| Untracked 
|  52|0x0000000706800000, 0x0000000706800000, 0x0000000706a00000|  0%| F|  |TAMS 0x0000000706800000, 0x0000000706800000| Untracked 
|  53|0x0000000706a00000, 0x0000000706a00000, 0x0000000706c00000|  0%| F|  |TAMS 0x0000000706a00000, 0x0000000706a00000| Untracked 
|  54|0x0000000706c00000, 0x0000000706c00000, 0x0000000706e00000|  0%| F|  |TAMS 0x0000000706c00000, 0x0000000706c00000| Untracked 
|  55|0x0000000706e00000, 0x0000000706e00000, 0x0000000707000000|  0%| F|  |TAMS 0x0000000706e00000, 0x0000000706e00000| Untracked 
|  56|0x0000000707000000, 0x0000000707000000, 0x0000000707200000|  0%| F|  |TAMS 0x0000000707000000, 0x0000000707000000| Untracked 
|  57|0x0000000707200000, 0x0000000707200000, 0x0000000707400000|  0%| F|  |TAMS 0x0000000707200000, 0x0000000707200000| Untracked 
|  58|0x0000000707400000, 0x0000000707400000, 0x0000000707600000|  0%| F|  |TAMS 0x0000000707400000, 0x0000000707400000| Untracked 
|  59|0x0000000707600000, 0x0000000707600000, 0x0000000707800000|  0%| F|  |TAMS 0x0000000707600000, 0x0000000707600000| Untracked 
|  60|0x0000000707800000, 0x0000000707800000, 0x0000000707a00000|  0%| F|  |TAMS 0x0000000707800000, 0x0000000707800000| Untracked 
|  61|0x0000000707a00000, 0x0000000707a00000, 0x0000000707c00000|  0%| F|  |TAMS 0x0000000707a00000, 0x0000000707a00000| Untracked 
|  62|0x0000000707c00000, 0x0000000707c00000, 0x0000000707e00000|  0%| F|  |TAMS 0x0000000707c00000, 0x0000000707c00000| Untracked 
|  63|0x0000000707e00000, 0x0000000707e00000, 0x0000000708000000|  0%| F|  |TAMS 0x0000000707e00000, 0x0000000707e00000| Untracked 
|  64|0x0000000708000000, 0x0000000708000000, 0x0000000708200000|  0%| F|  |TAMS 0x0000000708000000, 0x0000000708000000| Untracked 
|  65|0x0000000708200000, 0x0000000708200000, 0x0000000708400000|  0%| F|  |TAMS 0x0000000708200000, 0x0000000708200000| Untracked 
|  66|0x0000000708400000, 0x0000000708400000, 0x0000000708600000|  0%| F|  |TAMS 0x0000000708400000, 0x0000000708400000| Untracked 
|  67|0x0000000708600000, 0x0000000708600000, 0x0000000708800000|  0%| F|  |TAMS 0x0000000708600000, 0x0000000708600000| Untracked 
|  68|0x0000000708800000, 0x0000000708800000, 0x0000000708a00000|  0%| F|  |TAMS 0x0000000708800000, 0x0000000708800000| Untracked 
|  69|0x0000000708a00000, 0x0000000708a00000, 0x0000000708c00000|  0%| F|  |TAMS 0x0000000708a00000, 0x0000000708a00000| Untracked 
|  70|0x0000000708c00000, 0x0000000708c00000, 0x0000000708e00000|  0%| F|  |TAMS 0x0000000708c00000, 0x0000000708c00000| Untracked 
|  71|0x0000000708e00000, 0x0000000708e00000, 0x0000000709000000|  0%| F|  |TAMS 0x0000000708e00000, 0x0000000708e00000| Untracked 
|  72|0x0000000709000000, 0x0000000709000000, 0x0000000709200000|  0%| F|  |TAMS 0x0000000709000000, 0x0000000709000000| Untracked 
|  73|0x0000000709200000, 0x0000000709200000, 0x0000000709400000|  0%| F|  |TAMS 0x0000000709200000, 0x0000000709200000| Untracked 
|  74|0x0000000709400000, 0x0000000709400000, 0x0000000709600000|  0%| F|  |TAMS 0x0000000709400000, 0x0000000709400000| Untracked 
|  75|0x0000000709600000, 0x0000000709600000, 0x0000000709800000|  0%| F|  |TAMS 0x0000000709600000, 0x0000000709600000| Untracked 
|  76|0x0000000709800000, 0x0000000709800000, 0x0000000709a00000|  0%| F|  |TAMS 0x0000000709800000, 0x0000000709800000| Untracked 
|  77|0x0000000709a00000, 0x0000000709a00000, 0x0000000709c00000|  0%| F|  |TAMS 0x0000000709a00000, 0x0000000709a00000| Untracked 
|  78|0x0000000709c00000, 0x0000000709c00000, 0x0000000709e00000|  0%| F|  |TAMS 0x0000000709c00000, 0x0000000709c00000| Untracked 
|  79|0x0000000709e00000, 0x0000000709e00000, 0x000000070a000000|  0%| F|  |TAMS 0x0000000709e00000, 0x0000000709e00000| Untracked 
|  80|0x000000070a000000, 0x000000070a000000, 0x000000070a200000|  0%| F|  |TAMS 0x000000070a000000, 0x000000070a000000| Untracked 
|  81|0x000000070a200000, 0x000000070a200000, 0x000000070a400000|  0%| F|  |TAMS 0x000000070a200000, 0x000000070a200000| Untracked 
|  82|0x000000070a400000, 0x000000070a400000, 0x000000070a600000|  0%| F|  |TAMS 0x000000070a400000, 0x000000070a400000| Untracked 
|  83|0x000000070a600000, 0x000000070a600000, 0x000000070a800000|  0%| F|  |TAMS 0x000000070a600000, 0x000000070a600000| Untracked 
|  84|0x000000070a800000, 0x000000070a800000, 0x000000070aa00000|  0%| F|  |TAMS 0x000000070a800000, 0x000000070a800000| Untracked 
|  85|0x000000070aa00000, 0x000000070aa00000, 0x000000070ac00000|  0%| F|  |TAMS 0x000000070aa00000, 0x000000070aa00000| Untracked 
|  86|0x000000070ac00000, 0x000000070ac00000, 0x000000070ae00000|  0%| F|  |TAMS 0x000000070ac00000, 0x000000070ac00000| Untracked 
|  87|0x000000070ae00000, 0x000000070ae00000, 0x000000070b000000|  0%| F|  |TAMS 0x000000070ae00000, 0x000000070ae00000| Untracked 
|  88|0x000000070b000000, 0x000000070b000000, 0x000000070b200000|  0%| F|  |TAMS 0x000000070b000000, 0x000000070b000000| Untracked 
|  89|0x000000070b200000, 0x000000070b200000, 0x000000070b400000|  0%| F|  |TAMS 0x000000070b200000, 0x000000070b200000| Untracked 
|  90|0x000000070b400000, 0x000000070b400000, 0x000000070b600000|  0%| F|  |TAMS 0x000000070b400000, 0x000000070b400000| Untracked 
|  91|0x000000070b600000, 0x000000070b600000, 0x000000070b800000|  0%| F|  |TAMS 0x000000070b600000, 0x000000070b600000| Untracked 
|  92|0x000000070b800000, 0x000000070b800000, 0x000000070ba00000|  0%| F|  |TAMS 0x000000070b800000, 0x000000070b800000| Untracked 
|  93|0x000000070ba00000, 0x000000070ba00000, 0x000000070bc00000|  0%| F|  |TAMS 0x000000070ba00000, 0x000000070ba00000| Untracked 
|  94|0x000000070bc00000, 0x000000070bc00000, 0x000000070be00000|  0%| F|  |TAMS 0x000000070bc00000, 0x000000070bc00000| Untracked 
|  95|0x000000070be00000, 0x000000070be00000, 0x000000070c000000|  0%| F|  |TAMS 0x000000070be00000, 0x000000070be00000| Untracked 
|  96|0x000000070c000000, 0x000000070c000000, 0x000000070c200000|  0%| F|  |TAMS 0x000000070c000000, 0x000000070c000000| Untracked 
|  97|0x000000070c200000, 0x000000070c200000, 0x000000070c400000|  0%| F|  |TAMS 0x000000070c200000, 0x000000070c200000| Untracked 
|  98|0x000000070c400000, 0x000000070c400000, 0x000000070c600000|  0%| F|  |TAMS 0x000000070c400000, 0x000000070c400000| Untracked 
|  99|0x000000070c600000, 0x000000070c600000, 0x000000070c800000|  0%| F|  |TAMS 0x000000070c600000, 0x000000070c600000| Untracked 
| 100|0x000000070c800000, 0x000000070c800000, 0x000000070ca00000|  0%| F|  |TAMS 0x000000070c800000, 0x000000070c800000| Untracked 
| 101|0x000000070ca00000, 0x000000070ca00000, 0x000000070cc00000|  0%| F|  |TAMS 0x000000070ca00000, 0x000000070ca00000| Untracked 
| 102|0x000000070cc00000, 0x000000070cc00000, 0x000000070ce00000|  0%| F|  |TAMS 0x000000070cc00000, 0x000000070cc00000| Untracked 
| 103|0x000000070ce00000, 0x000000070ce00000, 0x000000070d000000|  0%| F|  |TAMS 0x000000070ce00000, 0x000000070ce00000| Untracked 
| 104|0x000000070d000000, 0x000000070d000000, 0x000000070d200000|  0%| F|  |TAMS 0x000000070d000000, 0x000000070d000000| Untracked 
| 105|0x000000070d200000, 0x000000070d200000, 0x000000070d400000|  0%| F|  |TAMS 0x000000070d200000, 0x000000070d200000| Untracked 
| 106|0x000000070d400000, 0x000000070d400000, 0x000000070d600000|  0%| F|  |TAMS 0x000000070d400000, 0x000000070d400000| Untracked 
| 107|0x000000070d600000, 0x000000070d600000, 0x000000070d800000|  0%| F|  |TAMS 0x000000070d600000, 0x000000070d600000| Untracked 
| 108|0x000000070d800000, 0x000000070d800000, 0x000000070da00000|  0%| F|  |TAMS 0x000000070d800000, 0x000000070d800000| Untracked 
| 109|0x000000070da00000, 0x000000070da00000, 0x000000070dc00000|  0%| F|  |TAMS 0x000000070da00000, 0x000000070da00000| Untracked 
| 110|0x000000070dc00000, 0x000000070dc00000, 0x000000070de00000|  0%| F|  |TAMS 0x000000070dc00000, 0x000000070dc00000| Untracked 
| 111|0x000000070de00000, 0x000000070de00000, 0x000000070e000000|  0%| F|  |TAMS 0x000000070de00000, 0x000000070de00000| Untracked 
| 112|0x000000070e000000, 0x000000070e000000, 0x000000070e200000|  0%| F|  |TAMS 0x000000070e000000, 0x000000070e000000| Untracked 
| 113|0x000000070e200000, 0x000000070e200000, 0x000000070e400000|  0%| F|  |TAMS 0x000000070e200000, 0x000000070e200000| Untracked 
| 114|0x000000070e400000, 0x000000070e400000, 0x000000070e600000|  0%| F|  |TAMS 0x000000070e400000, 0x000000070e400000| Untracked 
| 115|0x000000070e600000, 0x000000070e72fff0, 0x000000070e800000| 59%| S|CS|TAMS 0x000000070e600000, 0x000000070e600000| Complete 
| 116|0x000000070e800000, 0x000000070ea00000, 0x000000070ea00000|100%| S|CS|TAMS 0x000000070e800000, 0x000000070e800000| Complete 
| 117|0x000000070ea00000, 0x000000070ebc0510, 0x000000070ec00000| 87%| E|  |TAMS 0x000000070ea00000, 0x000000070ea00000| Complete 
| 118|0x000000070ec00000, 0x000000070ee00000, 0x000000070ee00000|100%| E|CS|TAMS 0x000000070ec00000, 0x000000070ec00000| Complete 
| 119|0x000000070ee00000, 0x000000070f000000, 0x000000070f000000|100%| E|CS|TAMS 0x000000070ee00000, 0x000000070ee00000| Complete 
| 120|0x000000070f000000, 0x000000070f200000, 0x000000070f200000|100%| E|CS|TAMS 0x000000070f000000, 0x000000070f000000| Complete 
| 121|0x000000070f200000, 0x000000070f400000, 0x000000070f400000|100%| E|CS|TAMS 0x000000070f200000, 0x000000070f200000| Complete 
| 122|0x000000070f400000, 0x000000070f600000, 0x000000070f600000|100%| E|CS|TAMS 0x000000070f400000, 0x000000070f400000| Complete 
| 123|0x000000070f600000, 0x000000070f800000, 0x000000070f800000|100%| E|CS|TAMS 0x000000070f600000, 0x000000070f600000| Complete 
| 124|0x000000070f800000, 0x000000070fa00000, 0x000000070fa00000|100%| E|CS|TAMS 0x000000070f800000, 0x000000070f800000| Complete 
| 125|0x000000070fa00000, 0x000000070fc00000, 0x000000070fc00000|100%| E|CS|TAMS 0x000000070fa00000, 0x000000070fa00000| Complete 
| 126|0x000000070fc00000, 0x000000070fe00000, 0x000000070fe00000|100%| E|CS|TAMS 0x000000070fc00000, 0x000000070fc00000| Complete 
| 127|0x000000070fe00000, 0x0000000710000000, 0x0000000710000000|100%| E|CS|TAMS 0x000000070fe00000, 0x000000070fe00000| Complete 
|2046|0x00000007ffc00000, 0x00000007ffd78000, 0x00000007ffe00000| 73%|OA|  |TAMS 0x00000007ffc00000, 0x00000007ffc00000| Untracked 
|2047|0x00000007ffe00000, 0x00000007ffe80000, 0x0000000800000000| 25%|CA|  |TAMS 0x00000007ffe00000, 0x00000007ffe00000| Untracked 

Card table byte_map: [0x000000011d598000,0x000000011dd98000] _byte_map_base: 0x0000000119d98000

Marking Bits (Prev, Next): (CMBitMap*) 0x000000014f831c10, (CMBitMap*) 0x000000014f831c50
 Prev Bits: [0x000000011e598000, 0x0000000122598000)
 Next Bits: [0x0000000122598000, 0x0000000126598000)

Polling page: 0x0000000104d38000

Metaspace:

Usage:
  Non-class:      9.44 MB used.
      Class:      1.50 MB used.
       Both:     10.94 MB used.

Virtual space:
  Non-class space:       16.00 MB reserved,       9.56 MB ( 60%) committed,  2 nodes.
      Class space:        1.00 GB reserved,       1.62 MB ( <1%) committed,  1 nodes.
             Both:        1.02 GB reserved,      11.19 MB (  1%) committed. 

Chunk freelists:
   Non-Class:  1.59 MB
       Class:  2.29 MB
        Both:  3.88 MB

MaxMetaspaceSize: unlimited
CompressedClassSpaceSize: 1.00 GB
Initial GC threshold: 21.00 MB
Current GC threshold: 21.00 MB
CDS: on
MetaspaceReclaimPolicy: balanced
 - commit_granule_bytes: 65536.
 - commit_granule_words: 8192.
 - virtual_space_node_default_size: 1048576.
 - enlarge_chunks_in_place: 1.
 - new_chunks_are_fully_committed: 0.
 - uncommit_free_chunks: 1.
 - use_allocation_guard: 0.
 - handle_deallocations: 1.


Internal statistics:

num_allocs_failed_limit: 0.
num_arena_births: 136.
num_arena_deaths: 0.
num_vsnodes_births: 3.
num_vsnodes_deaths: 0.
num_space_committed: 179.
num_space_uncommitted: 0.
num_chunks_returned_to_freelist: 0.
num_chunks_taken_from_freelist: 484.
num_chunk_merges: 0.
num_chunk_splits: 335.
num_chunks_enlarged: 265.
num_purges: 0.
num_inconsistent_stats: 0.

CodeHeap 'non-profiled nmethods': size=120032Kb used=551Kb max_used=551Kb free=119480Kb
 bounds [0x0000000116060000, 0x00000001162d0000, 0x000000011d598000]
CodeHeap 'profiled nmethods': size=120016Kb used=2716Kb max_used=2716Kb free=117299Kb
 bounds [0x000000010eb2c000, 0x000000010eddc000, 0x0000000116060000]
CodeHeap 'non-nmethods': size=5712Kb used=1350Kb max_used=1477Kb free=4362Kb
 bounds [0x000000010e598000, 0x000000010e808000, 0x000000010eb2c000]
 total_blobs=2155 nmethods=1419 adapters=653
 compilation: enabled
              stopped_count=0, restarted_count=0
 full_count=0

Compilation events (20 events):
Event: 1.777 Thread 0x000000014f8e4400 1455       3       javafx.scene.Node::localToParent (15 bytes)
Event: 1.777 Thread 0x000000014f8e4400 nmethod 1455 0x000000010edce290 code [0x000000010edce440, 0x000000010edce788]
Event: 1.789 Thread 0x000000014f8e4400 1456       3       com.sun.javafx.util.TempState::getInstance (10 bytes)
Event: 1.790 Thread 0x000000014f8e4400 nmethod 1456 0x000000010edce890 code [0x000000010edcea40, 0x000000010edced18]
Event: 1.819 Thread 0x000000014f8e4400 1457       3       com.sun.javafx.geom.RectBounds::getBoundsType (4 bytes)
Event: 1.820 Thread 0x000000014f8e4400 nmethod 1457 0x000000010edcee10 code [0x000000010edcefc0, 0x000000010edcf0e8]
Event: 1.820 Thread 0x000000014f8e4400 1458       1       javafx.scene.input.PickResult::getIntersectedPoint (5 bytes)
Event: 1.820 Thread 0x000000014f8e4400 nmethod 1458 0x00000001160e9510 code [0x00000001160e9680, 0x00000001160e9768]
Event: 1.836 Thread 0x000000014f8e4400 1459       3       java.util.EnumMap$EnumMapIterator::hasNext (64 bytes)
Event: 1.836 Thread 0x000000014f8e4400 nmethod 1459 0x000000010edcf190 code [0x000000010edcf340, 0x000000010edcf5e8]
Event: 1.848 Thread 0x000000014f8e4400 1460       3       javafx.scene.Node::isVisible (19 bytes)
Event: 1.849 Thread 0x000000014f8e4400 nmethod 1460 0x000000010edcf710 code [0x000000010edcf8c0, 0x000000010edcfc98]
Event: 1.880 Thread 0x000000014f8e4400 1461       3       com.sun.glass.ui.Application::checkEventThread (35 bytes)
Event: 1.881 Thread 0x000000014f8e4400 nmethod 1461 0x000000010edcfe10 code [0x000000010edd0000, 0x000000010edd0308]
Event: 1.881 Thread 0x000000014f8e4400 1462       3       java.util.EnumMap::unmaskNull (13 bytes)
Event: 1.881 Thread 0x000000014f8e4400 nmethod 1462 0x000000010edd0490 code [0x000000010edd0640, 0x000000010edd07e8]
Event: 1.914 Thread 0x000000014f8e4400 1463       1       com.sun.javafx.css.CalculatedValue::getValue (5 bytes)
Event: 1.914 Thread 0x000000014f8e4400 nmethod 1463 0x00000001160e9810 code [0x00000001160e9980, 0x00000001160e9a68]
Event: 1.914 Thread 0x000000014f8e4400 1464       3       java.util.RegularEnumSet::contains (57 bytes)
Event: 1.914 Thread 0x000000014f8e4400 nmethod 1464 0x000000010edd0890 code [0x000000010edd0a80, 0x000000010edd0f18]

GC Heap History (2 events):
Event: 0.400 GC heap before
{Heap before GC invocations=0 (full 0):
 garbage-first heap   total 266240K, used 22496K [0x0000000700000000, 0x0000000800000000)
  region size 2048K, 11 young (22528K), 0 survivors (0K)
 Metaspace       used 6522K, committed 6656K, reserved 1056768K
  class space    used 825K, committed 896K, reserved 1048576K
}
Event: 0.402 GC heap after
{Heap after GC invocations=1 (full 0):
 garbage-first heap   total 266240K, used 5279K [0x0000000700000000, 0x0000000800000000)
  region size 2048K, 2 young (4096K), 2 survivors (4096K)
 Metaspace       used 6522K, committed 6656K, reserved 1056768K
  class space    used 825K, committed 896K, reserved 1048576K
}

Deoptimization events (20 events):
Event: 1.126 Thread 0x000000013ba12000 DEOPT PACKING pc=0x00000001160cb058 sp=0x000000016f3e5860
Event: 1.126 Thread 0x000000013ba12000 DEOPT UNPACKING pc=0x000000010e5d6d1c sp=0x000000016f3e5770 mode 2
Event: 1.128 Thread 0x000000013ba12000 Uncommon trap: trap_request=0xffffff45 fr.pc=0x0000000116072b38 relative=0x00000000000000f8
Event: 1.128 Thread 0x000000013ba12000 Uncommon trap: reason=unstable_if action=reinterpret pc=0x0000000116072b38 method=java.lang.StringLatin1.lastIndexOf([BI[BII)I @ 86 c2
Event: 1.128 Thread 0x000000013ba12000 DEOPT PACKING pc=0x0000000116072b38 sp=0x000000016f3e5860
Event: 1.128 Thread 0x000000013ba12000 DEOPT UNPACKING pc=0x000000010e5d6d1c sp=0x000000016f3e57c0 mode 2
Event: 1.574 Thread 0x000000014f00f600 DEOPT PACKING pc=0x000000010ed9a9a0 sp=0x000000016dcd51a0
Event: 1.574 Thread 0x000000014f00f600 DEOPT UNPACKING pc=0x000000010e5d6b7c sp=0x000000016dcd4e00 mode 0
Event: 1.598 Thread 0x000000014f00f600 DEOPT PACKING pc=0x000000010ed9a8b4 sp=0x000000016dcd51a0
Event: 1.598 Thread 0x000000014f00f600 DEOPT UNPACKING pc=0x000000010e5d6b7c sp=0x000000016dcd4e00 mode 0
Event: 1.598 Thread 0x000000014f00f600 DEOPT PACKING pc=0x000000010ed9a8b4 sp=0x000000016dcd51a0
Event: 1.598 Thread 0x000000014f00f600 DEOPT UNPACKING pc=0x000000010e5d6b7c sp=0x000000016dcd4e00 mode 0
Event: 1.599 Thread 0x000000014f00f600 DEOPT PACKING pc=0x000000010ed9a9a0 sp=0x000000016dcd51a0
Event: 1.599 Thread 0x000000014f00f600 DEOPT UNPACKING pc=0x000000010e5d6b7c sp=0x000000016dcd4e00 mode 0
Event: 1.600 Thread 0x000000014f00f600 DEOPT PACKING pc=0x000000010ed9a9a0 sp=0x000000016dcd51a0
Event: 1.600 Thread 0x000000014f00f600 DEOPT UNPACKING pc=0x000000010e5d6b7c sp=0x000000016dcd4e00 mode 0
Event: 1.603 Thread 0x000000014f00f600 DEOPT PACKING pc=0x000000010ed9a8b4 sp=0x000000016dcd51a0
Event: 1.603 Thread 0x000000014f00f600 DEOPT UNPACKING pc=0x000000010e5d6b7c sp=0x000000016dcd4e00 mode 0
Event: 1.603 Thread 0x000000014f00f600 DEOPT PACKING pc=0x000000010ed9a9a0 sp=0x000000016dcd51a0
Event: 1.603 Thread 0x000000014f00f600 DEOPT UNPACKING pc=0x000000010e5d6b7c sp=0x000000016dcd4e00 mode 0

Classes unloaded (0 events):
No events

Classes redefined (0 events):
No events

Internal exceptions (20 events):
Event: 0.067 Thread 0x000000014e02d200 Exception <a 'java/lang/NoSuchMethodError'{0x000000070fa74078}: 'java.lang.Object java.lang.invoke.DirectMethodHandle$Holder.invokeStaticInit(java.lang.Object)'> (0x000000070fa74078) 
thrown [open/src/hotspot/share/interpreter/linkResolver.cpp, line 766]
Event: 0.069 Thread 0x000000014e02d200 Exception <a 'java/lang/ClassNotFoundException'{0x000000070fa7f040}: jdk/net/ExtendedSocketOptions> (0x000000070fa7f040) 
thrown [open/src/hotspot/share/classfile/systemDictionary.cpp, line 256]
Event: 0.071 Thread 0x000000014e02d200 Exception <a 'java/lang/NoSuchMethodError'{0x000000070fa80898}: 'void java.lang.invoke.DirectMethodHandle$Holder.invokeStatic(java.lang.Object, java.lang.Object)'> (0x000000070fa80898) 
thrown [open/src/hotspot/share/interpreter/linkResolver.cpp, line 766]
Event: 0.101 Thread 0x000000014f808a00 Exception <a 'java/lang/NoSuchMethodError'{0x000000070f9a1608}: 'void java.lang.invoke.DirectMethodHandle$Holder.invokeSpecial(java.lang.Object, java.lang.Object, java.lang.Object)'> (0x000000070f9a1608) 
thrown [open/src/hotspot/share/interpreter/linkResolver.cpp, line 766]
Event: 0.106 Thread 0x000000014f808a00 Exception <a 'java/lang/NoSuchMethodError'{0x000000070f9ddc50}: 'void java.lang.invoke.DirectMethodHandle$Holder.invokeStatic(java.lang.Object, java.lang.Object, java.lang.Object)'> (0x000000070f9ddc50) 
thrown [open/src/hotspot/share/interpreter/linkResolver.cpp, line 766]
Event: 0.182 Thread 0x000000014f808a00 Exception <a 'java/lang/NoSuchMethodError'{0x000000070f9fa7e8}: 'int java.lang.invoke.DirectMethodHandle$Holder.invokeStaticInit(java.lang.Object, java.lang.Object, java.lang.Object)'> (0x000000070f9fa7e8) 
thrown [open/src/hotspot/share/interpreter/linkResolver.cpp, line 766]
Event: 0.307 Thread 0x000000012e13ba00 Exception <a 'java/lang/NoSuchMethodError'{0x000000070f398928}: 'void java.lang.invoke.DirectMethodHandle$Holder.invokeStaticInit(java.lang.Object)'> (0x000000070f398928) 
thrown [open/src/hotspot/share/interpreter/linkResolver.cpp, line 766]
Event: 0.308 Thread 0x000000014f808a00 Exception <a 'java/lang/NoSuchMethodError'{0x000000070f4eebd8}: 'java.lang.Object java.lang.invoke.DirectMethodHandle$Holder.newInvokeSpecial(java.lang.Object, java.lang.Object, java.lang.Object, java.lang.Object, java.lang.Object, java.lang.Object)'> (0x000000070f4eebd8) 
thrown [open/src/hotspot/share/interpreter/linkResolver.cpp, line 766]
Event: 0.328 Thread 0x000000014f808a00 Exception <a 'java/lang/NoSuchMethodError'{0x000000070f0d7350}: 'java.lang.Object java.lang.invoke.DirectMethodHandle$Holder.newInvokeSpecial(java.lang.Object, java.lang.Object, java.lang.Object, java.lang.Object, java.lang.Object)'> (0x000000070f0d7350) 
thrown [open/src/hotspot/share/interpreter/linkResolver.cpp, line 766]
Event: 0.332 Thread 0x000000014e1c2400 Exception <a 'java/lang/NoSuchMethodError'{0x000000070f0e7b68}: 'void java.lang.invoke.DirectMethodHandle$Holder.invokeStatic(java.lang.Object, java.lang.Object, java.lang.Object, java.lang.Object)'> (0x000000070f0e7b68) 
thrown [open/src/hotspot/share/interpreter/linkResolver.cpp, line 766]
Event: 0.356 Thread 0x000000012e13ba00 Exception <a 'java/lang/NoSuchMethodError'{0x000000070ef12938}: 'java.lang.Object java.lang.invoke.DirectMethodHandle$Holder.invokeStaticInit(java.lang.Object, java.lang.Object, java.lang.Object, java.lang.Object)'> (0x000000070ef12938) 
thrown [open/src/hotspot/share/interpreter/linkResolver.cpp, line 766]
Event: 0.357 Thread 0x000000012e13ba00 Exception <a 'java/lang/NullPointerException'{0x000000070ef1e418}> (0x000000070ef1e418) 
thrown [open/src/hotspot/share/interpreter/linkResolver.cpp, line 1357]
Event: 0.418 Thread 0x000000012e13ba00 Exception <a 'java/lang/NoSuchMethodError'{0x000000070fd0e460}: 'void java.lang.invoke.DirectMethodHandle$Holder.invokeStaticInit(java.lang.Object, java.lang.Object)'> (0x000000070fd0e460) 
thrown [open/src/hotspot/share/interpreter/linkResolver.cpp, line 766]
Event: 0.420 Thread 0x000000012e13ba00 Exception <a 'java/lang/NoSuchMethodError'{0x000000070fd59098}: 'void java.lang.invoke.DirectMethodHandle$Holder.invokeSpecial(java.lang.Object, java.lang.Object, java.lang.Object, java.lang.Object, java.lang.Object)'> (0x000000070fd59098) 
thrown [open/src/hotspot/share/interpreter/linkResolver.cpp, line 766]
Event: 0.431 Thread 0x000000012e13ba00 Exception <a 'sun/nio/fs/UnixException'{0x000000070f810ce8}> (0x000000070f810ce8) 
thrown [open/src/hotspot/share/prims/jni.cpp, line 516]
Event: 0.445 Thread 0x000000012e13ba00 Implicit null exception at 0x00000001160a4554 to 0x00000001160a48a8
Event: 0.564 Thread 0x000000012e13ba00 Exception <a 'java/lang/NoSuchMethodError'{0x000000070f2c9010}: 'java.lang.Object java.lang.invoke.DirectMethodHandle$Holder.invokeInterface(java.lang.Object, java.lang.Object, java.lang.Object)'> (0x000000070f2c9010) 
thrown [open/src/hotspot/share/interpreter/linkResolver.cpp, line 766]
Event: 0.564 Thread 0x000000012e13ba00 Exception <a 'java/lang/IncompatibleClassChangeError'{0x000000070f2cc998}: Found class java.lang.Object, but interface was expected> (0x000000070f2cc998) 
thrown [open/src/hotspot/share/interpreter/linkResolver.cpp, line 833]
Event: 0.592 Thread 0x000000012e13ba00 Exception <a 'java/lang/NoSuchMethodError'{0x000000070f05a960}: 'java.lang.Object java.lang.invoke.DirectMethodHandle$Holder.newInvokeSpecial(java.lang.Object, java.lang.Object, int)'> (0x000000070f05a960) 
thrown [open/src/hotspot/share/interpreter/linkResolver.cpp, line 766]
Event: 0.651 Thread 0x000000014f00f600 Exception <a 'java/lang/NoSuchMethodError'{0x000000070ee2cd80}: 'int java.lang.invoke.DirectMethodHandle$Holder.invokeStaticInit(java.lang.Object, java.lang.Object)'> (0x000000070ee2cd80) 
thrown [open/src/hotspot/share/interpreter/linkResolver.cpp, line 766]

VM Operations (16 events):
Event: 0.057 Executing VM operation: HandshakeAllThreads
Event: 0.057 Executing VM operation: HandshakeAllThreads done
Event: 0.057 Executing VM operation: HandshakeAllThreads
Event: 0.057 Executing VM operation: HandshakeAllThreads done
Event: 0.066 Executing VM operation: HandshakeAllThreads
Event: 0.066 Executing VM operation: HandshakeAllThreads done
Event: 0.300 Executing VM operation: ICBufferFull
Event: 0.300 Executing VM operation: ICBufferFull done
Event: 0.392 Executing VM operation: HandshakeAllThreads
Event: 0.392 Executing VM operation: HandshakeAllThreads done
Event: 0.400 Executing VM operation: G1CollectForAllocation
Event: 0.402 Executing VM operation: G1CollectForAllocation done
Event: 0.557 Executing VM operation: HandshakeAllThreads
Event: 0.557 Executing VM operation: HandshakeAllThreads done
Event: 0.572 Executing VM operation: ICBufferFull
Event: 0.573 Executing VM operation: ICBufferFull done

Events (20 events):
Event: 1.127 loading class sun/util/resources/OpenListResourceBundle
Event: 1.127 loading class sun/util/resources/OpenListResourceBundle done
Event: 1.127 loading class sun/util/resources/TimeZoneNamesBundle done
Event: 1.127 loading class sun/util/resources/cldr/TimeZoneNames done
Event: 1.128 loading class sun/util/resources/cldr/TimeZoneNames_en
Event: 1.128 loading class sun/util/resources/cldr/TimeZoneNames_en done
Event: 1.128 loading class sun/util/resources/cldr/TimeZoneNames_en_US
Event: 1.128 loading class sun/util/resources/cldr/TimeZoneNames_en_US done
Event: 1.466 loading class java/util/EnumMap$Values
Event: 1.466 loading class java/util/EnumMap$Values done
Event: 1.466 loading class java/util/EnumMap$ValueIterator
Event: 1.466 loading class java/util/EnumMap$EnumMapIterator
Event: 1.466 loading class java/util/EnumMap$EnumMapIterator done
Event: 1.466 loading class java/util/EnumMap$ValueIterator done
Event: 1.562 Protecting memory [0x000000016df78000,0x000000016df84000] with protection modes 0
Event: 1.562 Thread 0x000000012f009200 Thread added: 0x000000012f009200
Event: 1.879 Protecting memory [0x000000016df78000,0x000000016df84000] with protection modes 3
Event: 1.879 Thread 0x000000012f009200 Thread exited: 0x000000012f009200
Event: 1.912 Protecting memory [0x000000016df78000,0x000000016df84000] with protection modes 0
Event: 1.912 Thread 0x0000000138019e00 Thread added: 0x0000000138019e00


Dynamic libraries:
0x0000000104ce8000 	/Users/karlinbarnes/Library/Java/JavaVirtualMachines/openjdk-17.0.1/Contents/Home/lib/libjli.dylib
0x00000001a36a1000 	/usr/lib/libz.1.dylib
0x00000001a3751000 	/usr/lib/libSystem.B.dylib
0x00000001a374b000 	/usr/lib/system/libcache.dylib
0x00000001a3709000 	/usr/lib/system/libcommonCrypto.dylib
0x00000001a3732000 	/usr/lib/system/libcompiler_rt.dylib
0x00000001a3729000 	/usr/lib/system/libcopyfile.dylib
0x0000000198a8a000 	/usr/lib/system/libcorecrypto.dylib
0x0000000198b2f000 	/usr/lib/system/libdispatch.dylib
0x0000000198cf7000 	/usr/lib/system/libdyld.dylib
0x00000001a3741000 	/usr/lib/system/libkeymgr.dylib
0x00000001a36eb000 	/usr/lib/system/libmacho.dylib
0x00000001a2deb000 	/usr/lib/system/libquarantine.dylib
0x00000001a373e000 	/usr/lib/system/libremovefile.dylib
0x000000019de89000 	/usr/lib/system/libsystem_asl.dylib
0x0000000198a34000 	/usr/lib/system/libsystem_blocks.dylib
0x0000000198bb5000 	/usr/lib/system/libsystem_c.dylib
0x00000001a3736000 	/usr/lib/system/libsystem_collections.dylib
0x00000001a22aa000 	/usr/lib/system/libsystem_configuration.dylib
0x00000001a152e000 	/usr/lib/system/libsystem_containermanager.dylib
0x00000001a3452000 	/usr/lib/system/libsystem_coreservices.dylib
0x000000019b41b000 	/usr/lib/system/libsystem_darwin.dylib
0x00000001a3742000 	/usr/lib/system/libsystem_dnssd.dylib
0x0000000198bb2000 	/usr/lib/system/libsystem_featureflags.dylib
0x0000000198d0c000 	/usr/lib/system/libsystem_info.dylib
0x00000001a36b3000 	/usr/lib/system/libsystem_m.dylib
0x0000000198b04000 	/usr/lib/system/libsystem_malloc.dylib
0x000000019de1a000 	/usr/lib/system/libsystem_networkextension.dylib
0x000000019b86f000 	/usr/lib/system/libsystem_notify.dylib
0x00000001a9955000 	/usr/lib/system/libsystem_product_info_filter.dylib
0x00000001a22af000 	/usr/lib/system/libsystem_sandbox.dylib
0x00000001a373b000 	/usr/lib/system/libsystem_secinit.dylib
0x0000000198cb4000 	/usr/lib/system/libsystem_kernel.dylib
0x0000000198d04000 	/usr/lib/system/libsystem_platform.dylib
0x0000000198cea000 	/usr/lib/system/libsystem_pthread.dylib
0x000000019f5c6000 	/usr/lib/system/libsystem_symptoms.dylib
0x0000000198a70000 	/usr/lib/system/libsystem_trace.dylib
0x00000001a3716000 	/usr/lib/system/libunwind.dylib
0x0000000198a36000 	/usr/lib/system/libxpc.dylib
0x0000000198c9a000 	/usr/lib/libc++abi.dylib
0x0000000198b76000 	/usr/lib/libobjc.A.dylib
0x00000001a3721000 	/usr/lib/liboah.dylib
0x0000000198c36000 	/usr/lib/libc++.1.dylib
0x00000001af356000 	/System/Library/Frameworks/Cocoa.framework/Versions/A/Cocoa
0x000000019b8cf000 	/System/Library/Frameworks/AppKit.framework/Versions/C/AppKit
0x000000019ee05000 	/System/Library/Frameworks/CoreData.framework/Versions/A/CoreData
0x0000000199c2c000 	/System/Library/Frameworks/Foundation.framework/Versions/C/Foundation
0x000000019c786000 	/System/Library/PrivateFrameworks/UIFoundation.framework/Versions/A/UIFoundation
0x00000001a964f000 	/System/Library/PrivateFrameworks/RemoteViewServices.framework/Versions/A/RemoteViewServices
0x00000001a1c68000 	/System/Library/PrivateFrameworks/XCTTargetBootstrap.framework/Versions/A/XCTTargetBootstrap
0x00000001a5452000 	/System/Library/PrivateFrameworks/InternationalSupport.framework/Versions/A/InternationalSupport
0x00000001a54db000 	/System/Library/PrivateFrameworks/UserActivity.framework/Versions/A/UserActivity
0x00000001a4980000 	/usr/lib/libspindump.dylib
0x000000019c9f6000 	/System/Library/Frameworks/UniformTypeIdentifiers.framework/Versions/A/UniformTypeIdentifiers
0x00000001a01f5000 	/usr/lib/libapp_launch_measurement.dylib
0x000000019f76d000 	/System/Library/PrivateFrameworks/CoreAnalytics.framework/Versions/A/CoreAnalytics
0x00000001a01f8000 	/System/Library/PrivateFrameworks/CoreAutoLayout.framework/Versions/A/CoreAutoLayout
0x00000001a156b000 	/System/Library/Frameworks/Metal.framework/Versions/A/Metal
0x00000001a22ba000 	/usr/lib/liblangid.dylib
0x00000001a1c6c000 	/System/Library/PrivateFrameworks/CoreSVG.framework/Versions/A/CoreSVG
0x000000019debd000 	/System/Library/PrivateFrameworks/SkyLight.framework/Versions/A/SkyLight
0x000000019e28a000 	/System/Library/Frameworks/CoreGraphics.framework/Versions/A/CoreGraphics
0x00000001a9ccd000 	/System/Library/Frameworks/Accelerate.framework/Versions/A/Accelerate
0x00000001a43f4000 	/System/Library/PrivateFrameworks/IconServices.framework/Versions/A/IconServices
0x00000001a154d000 	/System/Library/Frameworks/IOSurface.framework/Versions/A/IOSurface
0x000000019f79d000 	/usr/lib/libDiagnosticMessagesClient.dylib
0x00000001ad116000 	/System/Library/Frameworks/ApplicationServices.framework/Versions/A/ApplicationServices
0x00000001a1c50000 	/System/Library/PrivateFrameworks/DFRFoundation.framework/Versions/A/DFRFoundation
0x000000019b170000 	/usr/lib/libicucore.A.dylib
0x00000001a6253000 	/System/Library/Frameworks/AudioToolbox.framework/Versions/A/AudioToolbox
0x00000001a545e000 	/System/Library/PrivateFrameworks/DataDetectorsCore.framework/Versions/A/DataDetectorsCore
0x00000001bb5ac000 	/System/Library/PrivateFrameworks/TextInput.framework/Versions/A/TextInput
0x000000019de34000 	/usr/lib/libMobileGestalt.dylib
0x00000001a1920000 	/System/Library/Frameworks/Carbon.framework/Versions/A/Frameworks/HIToolbox.framework/Versions/A/HIToolbox
0x000000019fbfe000 	/System/Library/Frameworks/QuartzCore.framework/Versions/A/QuartzCore
0x000000019aded000 	/System/Library/Frameworks/Security.framework/Versions/A/Security
0x00000001a968f000 	/System/Library/Frameworks/Carbon.framework/Versions/A/Frameworks/SpeechRecognition.framework/Versions/A/SpeechRecognition
0x000000019ff4c000 	/System/Library/PrivateFrameworks/CoreUI.framework/Versions/A/CoreUI
0x000000019a6be000 	/System/Library/Frameworks/CoreAudio.framework/Versions/A/CoreAudio
0x000000019f891000 	/System/Library/Frameworks/DiskArbitration.framework/Versions/A/DiskArbitration
0x00000001a4d65000 	/System/Library/PrivateFrameworks/MultitouchSupport.framework/Versions/A/MultitouchSupport
0x000000019de32000 	/usr/lib/libenergytrace.dylib
0x000000019b799000 	/System/Library/Frameworks/IOKit.framework/Versions/A/IOKit
0x00000001a9a78000 	/System/Library/Frameworks/CoreServices.framework/Versions/A/CoreServices
0x00000001a0185000 	/System/Library/PrivateFrameworks/PerformanceAnalysis.framework/Versions/A/PerformanceAnalysis
0x00000001fa159000 	/System/Library/Frameworks/OpenGL.framework/Versions/A/OpenGL
0x00000001a2d0b000 	/System/Library/PrivateFrameworks/MobileKeyBag.framework/Versions/A/MobileKeyBag
0x000000019e89a000 	/System/Library/Frameworks/ColorSync.framework/Versions/A/ColorSync
0x0000000198d38000 	/System/Library/Frameworks/CoreFoundation.framework/Versions/A/CoreFoundation
0x00000001a1eed000 	/System/Library/Frameworks/CoreImage.framework/Versions/A/CoreImage
0x000000019a4e1000 	/System/Library/Frameworks/CoreText.framework/Versions/A/CoreText
0x00000001a1c9c000 	/System/Library/Frameworks/ImageIO.framework/Versions/A/ImageIO
0x00000001a3757000 	/System/Library/PrivateFrameworks/SoftLinking.framework/Versions/A/SoftLinking
0x00000001a0242000 	/usr/lib/libxml2.2.dylib
0x00000001a39f0000 	/usr/lib/libcompression.dylib
0x00000001a53ab000 	/System/Library/PrivateFrameworks/TextureIO.framework/Versions/A/TextureIO
0x00000001a410e000 	/usr/lib/libate.dylib
0x00000001a3fd6000 	/usr/lib/liblzma.5.dylib
0x0000000199920000 	/System/Library/Frameworks/SystemConfiguration.framework/Versions/A/SystemConfiguration
0x00000001a3753000 	/usr/lib/libfakelink.dylib
0x000000019d961000 	/System/Library/Frameworks/CFNetwork.framework/Versions/A/CFNetwork
0x00000001a389a000 	/usr/lib/libarchive.2.dylib
0x00000001a22b6000 	/System/Library/PrivateFrameworks/AppleSystemInfo.framework/Versions/A/AppleSystemInfo
0x00000001a2e16000 	/usr/lib/libbsm.0.dylib
0x000000019ce99000 	/usr/lib/libnetwork.dylib
0x00000001a36f1000 	/usr/lib/system/libkxld.dylib
0x00000001a2a2d000 	/System/Library/PrivateFrameworks/IOMobileFramebuffer.framework/Versions/A/IOMobileFramebuffer
0x0000000215f8a000 	/usr/lib/libCoreEntitlements.dylib
0x00000001a3434000 	/System/Library/PrivateFrameworks/AppleFSCompression.framework/Versions/A/AppleFSCompression
0x00000001a2dfe000 	/usr/lib/libcoretls.dylib
0x00000001a3fef000 	/usr/lib/libcoretls_cfhelpers.dylib
0x00000001a39eb000 	/usr/lib/libpam.2.dylib
0x000000019f1ee000 	/usr/lib/libsqlite3.dylib
0x00000001a4057000 	/usr/lib/libxar.1.dylib
0x00000001a3445000 	/usr/lib/libbz2.1.0.dylib
0x00000001a3758000 	/usr/lib/libpcap.A.dylib
0x000000019f5bd000 	/usr/lib/libdns_services.dylib
0x00000001a39be000 	/usr/lib/libapple_nghttp2.dylib
0x00000001a3795000 	/usr/lib/libiconv.2.dylib
0x00000001a36ea000 	/usr/lib/libcharset.1.dylib
0x00000001a01c1000 	/System/Library/Frameworks/CoreServices.framework/Versions/A/Frameworks/FSEvents.framework/Versions/A/FSEvents
0x000000019b426000 	/System/Library/Frameworks/CoreServices.framework/Versions/A/Frameworks/CarbonCore.framework/Versions/A/CarbonCore
0x000000019f7f4000 	/System/Library/Frameworks/CoreServices.framework/Versions/A/Frameworks/Metadata.framework/Versions/A/Metadata
0x00000001a3458000 	/System/Library/Frameworks/CoreServices.framework/Versions/A/Frameworks/OSServices.framework/Versions/A/OSServices
0x00000001a3920000 	/System/Library/Frameworks/CoreServices.framework/Versions/A/Frameworks/SearchKit.framework/Versions/A/SearchKit
0x000000019f54b000 	/System/Library/Frameworks/CoreServices.framework/Versions/A/Frameworks/AE.framework/Versions/A/AE
0x000000019927c000 	/System/Library/Frameworks/CoreServices.framework/Versions/A/Frameworks/LaunchServices.framework/Versions/A/LaunchServices
0x00000001a3f7f000 	/System/Library/Frameworks/CoreServices.framework/Versions/A/Frameworks/DictionaryServices.framework/Versions/A/DictionaryServices
0x00000001a01ce000 	/System/Library/Frameworks/CoreServices.framework/Versions/A/Frameworks/SharedFileList.framework/Versions/A/SharedFileList
0x00000001a2dee000 	/usr/lib/libCheckFix.dylib
0x000000019dea1000 	/System/Library/PrivateFrameworks/TCC.framework/Versions/A/TCC
0x00000001a22bc000 	/System/Library/PrivateFrameworks/CoreNLP.framework/Versions/A/CoreNLP
0x000000019f7a0000 	/System/Library/PrivateFrameworks/MetadataUtilities.framework/Versions/A/MetadataUtilities
0x00000001999d9000 	/usr/lib/libmecabra.dylib
0x00000001a2e27000 	/usr/lib/libmecab.dylib
0x00000001999a5000 	/usr/lib/libCRFSuite.dylib
0x00000001a2e85000 	/usr/lib/libgermantok.dylib
0x00000001a3997000 	/usr/lib/libThaiTokenizer.dylib
0x000000019f899000 	/System/Library/Frameworks/Accelerate.framework/Versions/A/Frameworks/vImage.framework/Versions/A/vImage
0x00000001a9a4f000 	/System/Library/Frameworks/Accelerate.framework/Versions/A/Frameworks/vecLib.framework/Versions/A/vecLib
0x00000001a409b000 	/System/Library/Frameworks/Accelerate.framework/Versions/A/Frameworks/vecLib.framework/Versions/A/libvMisc.dylib
0x00000001a2937000 	/System/Library/Frameworks/Accelerate.framework/Versions/A/Frameworks/vecLib.framework/Versions/A/libvDSP.dylib
0x00000001995ff000 	/System/Library/Frameworks/Accelerate.framework/Versions/A/Frameworks/vecLib.framework/Versions/A/libBLAS.dylib
0x00000001a3abf000 	/System/Library/Frameworks/Accelerate.framework/Versions/A/Frameworks/vecLib.framework/Versions/A/libLAPACK.dylib
0x00000001a2e88000 	/System/Library/Frameworks/Accelerate.framework/Versions/A/Frameworks/vecLib.framework/Versions/A/libLinearAlgebra.dylib
0x00000001a39d6000 	/System/Library/Frameworks/Accelerate.framework/Versions/A/Frameworks/vecLib.framework/Versions/A/libSparseBLAS.dylib
0x00000001a3aba000 	/System/Library/Frameworks/Accelerate.framework/Versions/A/Frameworks/vecLib.framework/Versions/A/libQuadrature.dylib
0x00000001a23b3000 	/System/Library/Frameworks/Accelerate.framework/Versions/A/Frameworks/vecLib.framework/Versions/A/libBNNS.dylib
0x00000001998bd000 	/System/Library/Frameworks/Accelerate.framework/Versions/A/Frameworks/vecLib.framework/Versions/A/libSparse.dylib
0x00000001a23ab000 	/System/Library/PrivateFrameworks/LinguisticData.framework/Versions/A/LinguisticData
0x0000000199873000 	/System/Library/PrivateFrameworks/Lexicon.framework/Versions/A/Lexicon
0x00000001a4093000 	/usr/lib/libChineseTokenizer.dylib
0x000000019a01a000 	/System/Library/PrivateFrameworks/LanguageModeling.framework/Versions/A/LanguageModeling
0x00000001a3999000 	/System/Library/PrivateFrameworks/AppleSauce.framework/Versions/A/AppleSauce
0x00000001a2a1a000 	/System/Library/PrivateFrameworks/CoreEmoji.framework/Versions/A/CoreEmoji
0x00000001a3888000 	/usr/lib/libcmph.dylib
0x00000001a01a1000 	/System/Library/Frameworks/OpenDirectory.framework/Versions/A/Frameworks/CFOpenDirectory.framework/Versions/A/CFOpenDirectory
0x00000001a0191000 	/System/Library/Frameworks/OpenDirectory.framework/Versions/A/OpenDirectory
0x00000001a3ff1000 	/System/Library/PrivateFrameworks/APFS.framework/Versions/A/APFS
0x00000001a2d46000 	/System/Library/Frameworks/SecurityFoundation.framework/Versions/A/SecurityFoundation
0x00000001a4065000 	/usr/lib/libutil.dylib
0x000000019b75b000 	/System/Library/PrivateFrameworks/CoreServicesStore.framework/Versions/A/CoreServicesStore
0x00000001a4069000 	/usr/lib/libxslt.1.dylib
0x00000001a2dda000 	/System/Library/PrivateFrameworks/BackgroundTaskManagement.framework/Versions/A/BackgroundTaskManagement
0x00000001a52cc000 	/System/Library/Frameworks/ImageIO.framework/Versions/A/Resources/libRadiance.dylib
0x00000001a52d5000 	/System/Library/Frameworks/ImageIO.framework/Versions/A/Resources/libJPEG.dylib
0x00000001a5227000 	/System/Library/Frameworks/ImageIO.framework/Versions/A/Resources/libPng.dylib
0x00000001a5249000 	/System/Library/Frameworks/ImageIO.framework/Versions/A/Resources/libTIFF.dylib
0x00000001a5330000 	/System/Library/Frameworks/ImageIO.framework/Versions/A/Resources/libGIF.dylib
0x00000001a4c75000 	/System/Library/Frameworks/ImageIO.framework/Versions/A/Resources/libJP2.dylib
0x00000001a43ba000 	/usr/lib/libexpat.1.dylib
0x00000001a4c30000 	/System/Library/PrivateFrameworks/AppleJPEG.framework/Versions/A/AppleJPEG
0x00000001a17df000 	/System/Library/PrivateFrameworks/FontServices.framework/libFontParser.dylib
0x000000019f4f0000 	/System/Library/PrivateFrameworks/RunningBoardServices.framework/Versions/A/RunningBoardServices
0x00000001af9cc000 	/System/Library/PrivateFrameworks/IOSurfaceAccelerator.framework/Versions/A/IOSurfaceAccelerator
0x00000001a4d61000 	/System/Library/PrivateFrameworks/WatchdogClient.framework/Versions/A/WatchdogClient
0x000000019a11e000 	/System/Library/Frameworks/CoreDisplay.framework/Versions/A/CoreDisplay
0x00000001a16cd000 	/System/Library/Frameworks/CoreMedia.framework/Versions/A/CoreMedia
0x00000001a1561000 	/System/Library/PrivateFrameworks/IOAccelerator.framework/Versions/A/IOAccelerator
0x00000001a032f000 	/System/Library/Frameworks/CoreVideo.framework/Versions/A/CoreVideo
0x00000001a39e9000 	/System/Library/Frameworks/MetalPerformanceShaders.framework/Versions/A/MetalPerformanceShaders
0x00000001a4d9e000 	/System/Library/Frameworks/VideoToolbox.framework/Versions/A/VideoToolbox
0x000000019f434000 	/System/Library/PrivateFrameworks/BaseBoard.framework/Versions/A/BaseBoard
0x000000019f1d3000 	/System/Library/PrivateFrameworks/ProtocolBuffer.framework/Versions/A/ProtocolBuffer
0x00000001a52c7000 	/System/Library/PrivateFrameworks/GPUWrangler.framework/Versions/A/GPUWrangler
0x00000001a52a6000 	/System/Library/PrivateFrameworks/IOPresentment.framework/Versions/A/IOPresentment
0x00000001a52cf000 	/System/Library/PrivateFrameworks/DSExternalDisplay.framework/Versions/A/DSExternalDisplay
0x00000001fa14c000 	/System/Library/Frameworks/OpenGL.framework/Versions/A/Libraries/libCoreFSCache.dylib
0x0000000203937000 	/System/Library/PrivateFrameworks/GPUCompiler.framework/Versions/31001/Libraries/libGPUCompilerUtils.dylib
0x00000001a5335000 	/System/Library/PrivateFrameworks/CMCaptureCore.framework/Versions/A/CMCaptureCore
0x00000001a496e000 	/System/Library/PrivateFrameworks/AppServerSupport.framework/Versions/A/AppServerSupport
0x00000001a6b0e000 	/System/Library/PrivateFrameworks/perfdata.framework/Versions/A/perfdata
0x000000019a23e000 	/System/Library/PrivateFrameworks/AudioToolboxCore.framework/Versions/A/AudioToolboxCore
0x00000001a16a5000 	/System/Library/PrivateFrameworks/caulk.framework/Versions/A/caulk
0x00000001a6403000 	/usr/lib/libAudioStatistics.dylib
0x00000001b7d20000 	/System/Library/PrivateFrameworks/SystemPolicy.framework/Versions/A/SystemPolicy
0x00000001a6663000 	/usr/lib/libSMC.dylib
0x00000001af238000 	/System/Library/Frameworks/CoreMIDI.framework/Versions/A/CoreMIDI
0x00000001a51f5000 	/usr/lib/libAudioToolboxUtility.dylib
0x00000001b414d000 	/System/Library/PrivateFrameworks/OSAServicesClient.framework/Versions/A/OSAServicesClient
0x00000001a6b1b000 	/usr/lib/libperfcheck.dylib
0x00000001b8827000 	/usr/lib/libmis.dylib
0x00000001fa1ad000 	/System/Library/Frameworks/OpenGL.framework/Versions/A/Libraries/libGLU.dylib
0x00000001fa16c000 	/System/Library/Frameworks/OpenGL.framework/Versions/A/Libraries/libGFXShared.dylib
0x00000001fa356000 	/System/Library/Frameworks/OpenGL.framework/Versions/A/Libraries/libGL.dylib
0x00000001fa175000 	/System/Library/Frameworks/OpenGL.framework/Versions/A/Libraries/libGLImage.dylib
0x00000001fa169000 	/System/Library/Frameworks/OpenGL.framework/Versions/A/Libraries/libCVMSPluginSupport.dylib
0x00000001fa153000 	/System/Library/Frameworks/OpenGL.framework/Versions/A/Libraries/libCoreVMClient.dylib
0x00000001a2237000 	/System/Library/Frameworks/MetalPerformanceShaders.framework/Versions/A/Frameworks/MPSCore.framework/Versions/A/MPSCore
0x00000001a33a7000 	/System/Library/Frameworks/MetalPerformanceShaders.framework/Versions/A/Frameworks/MPSImage.framework/Versions/A/MPSImage
0x00000001a2e9d000 	/System/Library/Frameworks/MetalPerformanceShaders.framework/Versions/A/Frameworks/MPSNeuralNetwork.framework/Versions/A/MPSNeuralNetwork
0x00000001a32da000 	/System/Library/Frameworks/MetalPerformanceShaders.framework/Versions/A/Frameworks/MPSMatrix.framework/Versions/A/MPSMatrix
0x00000001a30b5000 	/System/Library/Frameworks/MetalPerformanceShaders.framework/Versions/A/Frameworks/MPSRayIntersector.framework/Versions/A/MPSRayIntersector
0x00000001a330b000 	/System/Library/Frameworks/MetalPerformanceShaders.framework/Versions/A/Frameworks/MPSNDArray.framework/Versions/A/MPSNDArray
0x00000001fbe84000 	/System/Library/Frameworks/MetalPerformanceShaders.framework/Versions/A/Frameworks/MPSFunctions.framework/Versions/A/MPSFunctions
0x00000001994dd000 	/System/Library/PrivateFrameworks/MetalTools.framework/Versions/A/MetalTools
0x00000001a22b4000 	/System/Library/PrivateFrameworks/AggregateDictionary.framework/Versions/A/AggregateDictionary
0x00000001a41a0000 	/usr/lib/libIOReport.dylib
0x00000001ae21f000 	/System/Library/PrivateFrameworks/ASEProcessing.framework/Versions/A/ASEProcessing
0x00000001a4513000 	/System/Library/PrivateFrameworks/FaceCore.framework/Versions/A/FaceCore
0x00000001a4505000 	/System/Library/PrivateFrameworks/GraphVisualizer.framework/Versions/A/GraphVisualizer
0x000000020384e000 	/System/Library/PrivateFrameworks/FontServices.framework/Versions/A/FontServices
0x00000001a4928000 	/System/Library/PrivateFrameworks/OTSVG.framework/Versions/A/OTSVG
0x000000019fefd000 	/System/Library/Frameworks/ApplicationServices.framework/Versions/A/Frameworks/ATS.framework/Versions/A/Resources/libFontRegistry.dylib
0x00000001a4977000 	/System/Library/PrivateFrameworks/FontServices.framework/libhvf.dylib
0x000000020384f000 	/System/Library/PrivateFrameworks/FontServices.framework/libXTFontStaticRegistryData.dylib
0x00000001fa4f8000 	/System/Library/Frameworks/OpenCL.framework/Versions/A/OpenCL
0x00000001a436e000 	/System/Library/PrivateFrameworks/AppleVA.framework/Versions/A/AppleVA
0x00000001a642b000 	/System/Library/Frameworks/ApplicationServices.framework/Versions/A/Frameworks/ATS.framework/Versions/A/ATS
0x000000019e997000 	/System/Library/Frameworks/ApplicationServices.framework/Versions/A/Frameworks/HIServices.framework/Versions/A/HIServices
0x00000001a533f000 	/System/Library/Frameworks/ApplicationServices.framework/Versions/A/Frameworks/PrintCore.framework/Versions/A/PrintCore
0x00000001a67b6000 	/System/Library/Frameworks/ApplicationServices.framework/Versions/A/Frameworks/QD.framework/Versions/A/QD
0x00000001a67ae000 	/System/Library/Frameworks/ApplicationServices.framework/Versions/A/Frameworks/ColorSyncLegacy.framework/Versions/A/ColorSyncLegacy
0x00000001a6417000 	/System/Library/Frameworks/ApplicationServices.framework/Versions/A/Frameworks/SpeechSynthesis.framework/Versions/A/SpeechSynthesis
0x00000001a5300000 	/System/Library/Frameworks/ApplicationServices.framework/Versions/A/Frameworks/ATSUI.framework/Versions/A/ATSUI
0x00000001a6743000 	/usr/lib/libcups.2.dylib
0x00000001a6b29000 	/System/Library/Frameworks/Kerberos.framework/Versions/A/Kerberos
0x00000001a6b3a000 	/System/Library/Frameworks/GSS.framework/Versions/A/GSS
0x00000001a649a000 	/usr/lib/libresolv.9.dylib
0x00000001a4985000 	/System/Library/PrivateFrameworks/Heimdal.framework/Versions/A/Heimdal
0x00000001ad48e000 	/System/Library/Frameworks/Kerberos.framework/Versions/A/Libraries/libHeimdalProxy.dylib
0x000000019f5cf000 	/System/Library/Frameworks/Network.framework/Versions/A/Network
0x00000001a43d5000 	/usr/lib/libheimdal-asn1.dylib
0x00000001a6b80000 	/System/Library/PrivateFrameworks/CommonAuth.framework/Versions/A/CommonAuth
0x00000001a6391000 	/System/Library/PrivateFrameworks/AudioSession.framework/Versions/A/AudioSession
0x00000001a4466000 	/System/Library/PrivateFrameworks/MediaExperience.framework/Versions/A/MediaExperience
0x00000001a6219000 	/System/Library/PrivateFrameworks/AudioSession.framework/libSessionUtility.dylib
0x00000001a67c2000 	/System/Library/PrivateFrameworks/AudioResourceArbitration.framework/Versions/A/AudioResourceArbitration
0x00000001aa8cd000 	/System/Library/PrivateFrameworks/PowerLog.framework/Versions/A/PowerLog
0x00000001a43de000 	/System/Library/PrivateFrameworks/IconFoundation.framework/Versions/A/IconFoundation
0x00000001a967b000 	/System/Library/PrivateFrameworks/SpeechRecognitionCore.framework/Versions/A/SpeechRecognitionCore
0x0000000105f0c000 	/Users/karlinbarnes/Library/Java/JavaVirtualMachines/openjdk-17.0.1/Contents/Home/lib/server/libjvm.dylib
0x0000000104d4c000 	/Users/karlinbarnes/Library/Java/JavaVirtualMachines/openjdk-17.0.1/Contents/Home/lib/libjimage.dylib
0x0000000104d78000 	/Users/karlinbarnes/Library/Java/JavaVirtualMachines/openjdk-17.0.1/Contents/Home/lib/libinstrument.dylib
0x0000000104dc4000 	/Users/karlinbarnes/Library/Java/JavaVirtualMachines/openjdk-17.0.1/Contents/Home/lib/libjava.dylib
0x0000000104f24000 	/Users/karlinbarnes/Library/Java/JavaVirtualMachines/openjdk-17.0.1/Contents/Home/lib/libnio.dylib
0x000000010595c000 	/Users/karlinbarnes/Library/Java/JavaVirtualMachines/openjdk-17.0.1/Contents/Home/lib/libnet.dylib
0x0000000104dac000 	/Users/karlinbarnes/Library/Java/JavaVirtualMachines/openjdk-17.0.1/Contents/Home/lib/libzip.dylib
0x0000000105980000 	/Users/karlinbarnes/.openjfx/cache/17.0.0.1/libprism_es2.dylib
0x000000019b71e000 	/System/Library/PrivateFrameworks/CoreServicesInternal.framework/Versions/A/CoreServicesInternal
0x00000001fa360000 	/System/Library/Frameworks/OpenGL.framework/Versions/A/Resources/GLEngine.bundle/GLEngine
0x00000001fa1e7000 	/System/Library/Frameworks/OpenGL.framework/Versions/A/Libraries/libGLProgrammability.dylib
0x0000000105b78000 	/System/Library/Extensions/AppleMetalOpenGLRenderer.bundle/Contents/MacOS/AppleMetalOpenGLRenderer
0x00000001fa4cf000 	/System/Library/Frameworks/OpenGL.framework/Versions/A/Resources/GLRendererFloat.bundle/GLRendererFloat
0x00000001fa570000 	/System/Library/Extensions/AGXMetal13_3.bundle/Contents/MacOS/AGXMetal13_3
0x00000001b8843000 	/System/Library/PrivateFrameworks/GPURawCounter.framework/Versions/A/GPURawCounter
0x00000001b32d1000 	/System/Library/PrivateFrameworks/IOGPU.framework/Versions/A/IOGPU
0x0000000105c10000 	/Users/karlinbarnes/.openjfx/cache/17.0.0.1/libglass.dylib
0x00000001aab21000 	/System/Library/Frameworks/FileProvider.framework/Versions/A/FileProvider
0x000000019f39c000 	/System/Library/Frameworks/Accounts.framework/Versions/A/Accounts
0x00000001aaca1000 	/System/Library/PrivateFrameworks/GenerationalStorage.framework/Versions/A/GenerationalStorage
0x00000001ab857000 	/System/Library/PrivateFrameworks/CoreSymbolication.framework/Versions/A/CoreSymbolication
0x00000001aa8c1000 	/System/Library/PrivateFrameworks/SymptomDiagnosticReporter.framework/Versions/A/SymptomDiagnosticReporter
0x000000019ca0a000 	/System/Library/PrivateFrameworks/DesktopServicesPriv.framework/Versions/A/DesktopServicesPriv
0x000000019b87e000 	/usr/lib/libsandbox.1.dylib
0x00000001a03bc000 	/System/Library/PrivateFrameworks/UserManagement.framework/Versions/A/UserManagement
0x00000001ab818000 	/System/Library/PrivateFrameworks/DebugSymbols.framework/Versions/A/DebugSymbols
0x00000001a67a1000 	/System/Library/PrivateFrameworks/NetAuth.framework/Versions/A/NetAuth
0x00000001a76a4000 	/System/Library/PrivateFrameworks/Sharing.framework/Versions/A/Sharing
0x00000001a038c000 	/System/Library/PrivateFrameworks/login.framework/Versions/A/Frameworks/loginsupport.framework/Versions/A/loginsupport
0x00000001ac9d0000 	/System/Library/PrivateFrameworks/Apple80211.framework/Versions/A/Apple80211
0x00000001a348b000 	/System/Library/PrivateFrameworks/AuthKit.framework/Versions/A/AuthKit
0x00000001a2b19000 	/System/Library/PrivateFrameworks/CoreUtils.framework/Versions/A/CoreUtils
0x00000001a2a39000 	/System/Library/Frameworks/CoreWLAN.framework/Versions/A/CoreWLAN
0x00000001a780e000 	/System/Library/Frameworks/IOBluetooth.framework/Versions/A/IOBluetooth
0x00000001aca30000 	/System/Library/PrivateFrameworks/CoreWiFi.framework/Versions/A/CoreWiFi
0x00000001ab3ff000 	/System/Library/PrivateFrameworks/FrontBoardServices.framework/Versions/A/FrontBoardServices
0x00000001ab497000 	/System/Library/PrivateFrameworks/BoardServices.framework/Versions/A/BoardServices
0x00000001a2d34000 	/System/Library/PrivateFrameworks/AssertionServices.framework/Versions/A/AssertionServices
0x00000001acb9e000 	/System/Library/PrivateFrameworks/BackBoardServices.framework/Versions/A/BackBoardServices
0x00000001a6c13000 	/System/Library/PrivateFrameworks/CorePhoneNumbers.framework/Versions/A/CorePhoneNumbers
0x00000001aa9f1000 	/System/Library/PrivateFrameworks/DiskManagement.framework/Versions/A/DiskManagement
0x00000001aa8f4000 	/System/Library/PrivateFrameworks/AppleIDAuthSupport.framework/Versions/A/AppleIDAuthSupport
0x00000001fe16e000 	/System/Library/PrivateFrameworks/AAAFoundation.framework/Versions/A/AAAFoundation
0x00000001a6bf2000 	/System/Library/PrivateFrameworks/KeychainCircle.framework/Versions/A/KeychainCircle
0x00000001aa9bd000 	/System/Library/PrivateFrameworks/MediaKit.framework/Versions/A/MediaKit
0x00000001aa901000 	/System/Library/Frameworks/DiscRecording.framework/Versions/A/DiscRecording
0x00000001a42ea000 	/usr/lib/libCoreStorage.dylib
0x00000001ace9a000 	/usr/lib/libcsfde.dylib
0x00000001a78e3000 	/System/Library/PrivateFrameworks/ProtectedCloudStorage.framework/Versions/A/ProtectedCloudStorage
0x00000001ace92000 	/System/Library/PrivateFrameworks/EFILogin.framework/Versions/A/EFILogin
0x00000001aacc8000 	/System/Library/PrivateFrameworks/OctagonTrust.framework/Versions/A/OctagonTrust
0x0000000202a9a000 	/System/Library/PrivateFrameworks/CoreUtilsExtras.framework/Versions/A/CoreUtilsExtras
0x00000001aa836000 	/System/Library/Frameworks/CoreBluetooth.framework/Versions/A/CoreBluetooth
0x00000001ad513000 	/System/Library/Frameworks/AudioUnit.framework/Versions/A/AudioUnit
0x00000001a42e2000 	/usr/lib/libMatch.1.dylib
0x00000001bcb39000 	/System/Library/Frameworks/Accelerate.framework/Versions/A/Frameworks/vImage.framework/Versions/A/Libraries/libCGInterfaces.dylib
0x000000012afd0000 	/usr/lib/libobjc-trampolines.dylib
0x00000001a0089000 	/System/Library/PrivateFrameworks/ViewBridge.framework/Versions/A/ViewBridge
0x00000001a4a33000 	/System/Library/PrivateFrameworks/login.framework/Versions/A/login
0x00000001a41a9000 	/System/Library/PrivateFrameworks/CrashReporterSupport.framework/Versions/A/CrashReporterSupport
0x00000001c4502000 	/System/Library/PrivateFrameworks/OSAnalytics.framework/Versions/A/OSAnalytics
0x00000001cf543000 	/System/Library/PrivateFrameworks/Symbolication.framework/Versions/A/Symbolication
0x00000001b8804000 	/System/Library/PrivateFrameworks/MallocStackLogging.framework/Versions/A/MallocStackLogging
0x00000001396a8000 	/Users/karlinbarnes/.openjfx/cache/17.0.0.1/libjavafx_font.dylib
0x0000000216104000 	/usr/lib/libRosetta.dylib


VM Arguments:
jvm_args: -javaagent:/Applications/IntelliJ IDEA.app/Contents/lib/idea_rt.jar=52535:/Applications/IntelliJ IDEA.app/Contents/bin -Dfile.encoding=UTF-8 --module-path=/Users/karlinbarnes/IdeaProjects/demo2/target/classes:/Users/karlinbarnes/.m2/repository/org/openjfx/javafx-fxml/17.0.0.1/javafx-fxml-17.0.0.1-mac-aarch64.jar:/Users/karlinbarnes/.m2/repository/org/openjfx/javafx-graphics/17.0.0.1/javafx-graphics-17.0.0.1-mac-aarch64.jar:/Users/karlinbarnes/.m2/repository/org/openjfx/javafx-controls/17.0.0.1/javafx-controls-17.0.0.1-mac-aarch64.jar:/Users/karlinbarnes/.m2/repository/org/openjfx/javafx-base/17.0.0.1/javafx-base-17.0.0.1-mac-aarch64.jar -Djdk.module.main=com.example.demo2 
java_command: com.example.demo2/com.example.demo2.Cards
java_class_path (initial): /Users/karlinbarnes/.m2/repository/org/openjfx/javafx-controls/17.0.0.1/javafx-controls-17.0.0.1.jar:/Users/karlinbarnes/.m2/repository/org/openjfx/javafx-graphics/17.0.0.1/javafx-graphics-17.0.0.1.jar:/Users/karlinbarnes/.m2/repository/org/openjfx/javafx-base/17.0.0.1/javafx-base-17.0.0.1.jar:/Users/karlinbarnes/.m2/repository/org/openjfx/javafx-fxml/17.0.0.1/javafx-fxml-17.0.0.1.jar
Launcher Type: SUN_STANDARD

[Global flags]
     intx CICompilerCount                          = 4                                         {product} {ergonomic}
     uint ConcGCThreads                            = 2                                         {product} {ergonomic}
     uint G1ConcRefinementThreads                  = 8                                         {product} {ergonomic}
   size_t G1HeapRegionSize                         = 2097152                                   {product} {ergonomic}
    uintx GCDrainStackTargetSize                   = 64                                        {product} {ergonomic}
   size_t InitialHeapSize                          = 268435456                                 {product} {ergonomic}
   size_t MarkStackSize                            = 4194304                                   {product} {ergonomic}
   size_t MaxHeapSize                              = 4294967296                                {product} {ergonomic}
   size_t MaxNewSize                               = 2575302656                                {product} {ergonomic}
   size_t MinHeapDeltaBytes                        = 2097152                                   {product} {ergonomic}
   size_t MinHeapSize                              = 8388608                                   {product} {ergonomic}
    uintx NonNMethodCodeHeapSize                   = 5839564                                {pd product} {ergonomic}
    uintx NonProfiledCodeHeapSize                  = 122909338                              {pd product} {ergonomic}
    uintx ProfiledCodeHeapSize                     = 122909338                              {pd product} {ergonomic}
    uintx ReservedCodeCacheSize                    = 251658240                              {pd product} {ergonomic}
     bool SegmentedCodeCache                       = true                                      {product} {ergonomic}
   size_t SoftMaxHeapSize                          = 4294967296                             {manageable} {ergonomic}
     bool UseCompressedClassPointers               = true                           {product lp64_product} {ergonomic}
     bool UseCompressedOops                        = true                           {product lp64_product} {ergonomic}
     bool UseG1GC                                  = true                                      {product} {ergonomic}
     bool UseNUMA                                  = false                                     {product} {ergonomic}
     bool UseNUMAInterleaving                      = false                                     {product} {ergonomic}

Logging:
Log output configuration:
 #0: stdout all=warning uptime,level,tags
 #1: stderr all=off uptime,level,tags

Environment Variables:
PATH=/Users/karlinbarnes/opt/anaconda3/bin:/Users/karlinbarnes/opt/anaconda3/condabin:/Library/Frameworks/Python.framework/Versions/3.10/bin:/opt/homebrew/bin:/opt/homebrew/sbin:/usr/local/bin:/usr/bin:/bin:/usr/sbin:/sbin:/Library/Apple/usr/bin
SHELL=/bin/zsh
LC_CTYPE=en_US.UTF-8

Signal Handlers:
   SIGSEGV: _ZL13crash_handleriP9__siginfoPv in libjvm.dylib, mask=11100110000111110111111111111111, flags=SA_RESTART|SA_SIGINFO
    SIGBUS: _ZL13crash_handleriP9__siginfoPv in libjvm.dylib, mask=11100110000111110111111111111111, flags=SA_RESTART|SA_SIGINFO
    SIGFPE: _ZL13crash_handleriP9__siginfoPv in libjvm.dylib, mask=11100110000111110111111111111111, flags=SA_RESTART|SA_SIGINFO
   SIGPIPE: _ZL17javaSignalHandleriP9__siginfoPv in libjvm.dylib, mask=11100110000111110111111111111111, flags=SA_RESTART|SA_SIGINFO
   SIGXFSZ: _ZL17javaSignalHandleriP9__siginfoPv in libjvm.dylib, mask=11100110000111110111111111111111, flags=SA_RESTART|SA_SIGINFO
    SIGILL: _ZL13crash_handleriP9__siginfoPv in libjvm.dylib, mask=11100110000111110111111111111111, flags=SA_RESTART|SA_SIGINFO
   SIGUSR2: _ZL10SR_handleriP9__siginfoP17__darwin_ucontext in libjvm.dylib, mask=00100000000000000000000000000000, flags=SA_RESTART|SA_SIGINFO
    SIGHUP: _ZL11UserHandleriPvS_ in libjvm.dylib, mask=11100110000111110111111111111111, flags=SA_RESTART|SA_SIGINFO
    SIGINT: _ZL11UserHandleriPvS_ in libjvm.dylib, mask=11100110000111110111111111111111, flags=SA_RESTART|SA_SIGINFO
   SIGTERM: _ZL11UserHandleriPvS_ in libjvm.dylib, mask=11100110000111110111111111111111, flags=SA_RESTART|SA_SIGINFO
   SIGQUIT: _ZL11UserHandleriPvS_ in libjvm.dylib, mask=11100110000111110111111111111111, flags=SA_RESTART|SA_SIGINFO
   SIGTRAP: _ZL13crash_handleriP9__siginfoPv in libjvm.dylib, mask=11100110000111110111111111111111, flags=SA_RESTART|SA_SIGINFO


---------------  S Y S T E M  ---------------

OS:
uname: Darwin 21.3.0 Darwin Kernel Version 21.3.0: Wed Jan  5 21:37:58 PST 2022; root:xnu-8019.80.24~20/RELEASE_ARM64_T8101 arm64
OS uptime: 1 days 8:02 hours
rlimit (soft/hard): STACK 8176k/65520k , CORE 0k/infinity , NPROC 2666/4000 , NOFILE 10240/infinity , AS infinity/infinity , CPU infinity/infinity , DATA infinity/infinity , FSIZE infinity/infinity , MEMLOCK infinity/infinity , RSS infinity/infinity
load average: 1.88 1.73 1.73

CPU: total 8 (initial active 8) 0x61:0x0:0x1b588bb3:0, fp, simd, crc, lse

Memory: 16k page, physical 16777216k(72128k free), swap 3145728k(1502464k free)

vm_info: OpenJDK 64-Bit Server VM (17.0.1+12-39) for bsd-aarch64 JRE (17.0.1+12-39), built on Sep 27 2021 17:36:05 by "mach5one" with clang Apple LLVM 12.0.0 (clang-1200.0.32.29)

END.
